#
# There is insufficient memory for the Java Runtime Environment to continue.
# Native memory allocation (malloc) failed to allocate 374096 bytes for Chunk::new
# Possible reasons:
#   The system is out of physical RAM or swap space
#   In 32 bit mode, the process size limit was hit
# Possible solutions:
#   Reduce memory load on the system
#   Increase physical memory or swap space
#   Check if swap backing store is full
#   Use 64 bit Java on a 64 bit OS
#   Decrease Java heap size (-Xmx/-Xms)
#   Decrease number of Java threads
#   Decrease Java thread stack sizes (-Xss)
#   Set larger code cache with -XX:ReservedCodeCacheSize=
# This output file may be truncated or incomplete.
#
#  Out of Memory Error (allocation.cpp:390), pid=4536, tid=0x0000000000003990
#
# JRE version: Java(TM) SE Runtime Environment (8.0_191-b12) (build 1.8.0_191-b12)
# Java VM: Java HotSpot(TM) 64-Bit Server VM (25.191-b12 mixed mode windows-amd64 compressed oops)
# Failed to write core dump. Minidumps are not enabled by default on client versions of Windows
#

---------------  T H R E A D  ---------------

Current thread (0x00000000192f8000):  JavaThread "C2 CompilerThread2" daemon [_thread_in_native, id=14736, stack(0x0000000019cc0000,0x0000000019dc0000)]

Stack: [0x0000000019cc0000,0x0000000019dc0000]
[error occurred during error reporting (printing stack bounds), id 0xc0000005]

Native frames: (J=compiled Java code, j=interpreted, Vv=VM code, C=native code)


Current CompileTask:
C2:  13158 1561       4       sun.misc.FloatingDecimal$ASCIIToBinaryBuffer::doubleValue (1194 bytes)


---------------  P R O C E S S  ---------------

Java Threads: ( => current thread )
  0x000000001a36f800 JavaThread "Abandoned connection cleanup thread" daemon [_thread_blocked, id=14972, stack(0x000000001cdb0000,0x000000001ceb0000)]
  0x000000001a35d000 JavaThread "TimerQueue" daemon [_thread_blocked, id=18084, stack(0x000000001ccb0000,0x000000001cdb0000)]
  0x000000001a309000 JavaThread "AWT-EventQueue-0" [_thread_blocked, id=9572, stack(0x000000001b750000,0x000000001b850000)]
  0x000000001a1f3000 JavaThread "AWT-Windows" daemon [_thread_in_native, id=7480, stack(0x000000001ac00000,0x000000001ad00000)]
  0x000000001a1f0000 JavaThread "AWT-Shutdown" [_thread_blocked, id=14568, stack(0x000000001ab00000,0x000000001ac00000)]
  0x000000001a1ec800 JavaThread "Java2D Disposer" daemon [_thread_blocked, id=17996, stack(0x000000001aa00000,0x000000001ab00000)]
  0x0000000019381800 JavaThread "Service Thread" daemon [_thread_blocked, id=6172, stack(0x0000000019ec0000,0x0000000019fc0000)]
  0x00000000192fb800 JavaThread "C1 CompilerThread3" daemon [_thread_blocked, id=17656, stack(0x0000000019dc0000,0x0000000019ec0000)]
=>0x00000000192f8000 JavaThread "C2 CompilerThread2" daemon [_thread_in_native, id=14736, stack(0x0000000019cc0000,0x0000000019dc0000)]
  0x00000000192f0000 JavaThread "C2 CompilerThread1" daemon [_thread_blocked, id=5028, stack(0x0000000019bc0000,0x0000000019cc0000)]
  0x00000000192ea800 JavaThread "C2 CompilerThread0" daemon [_thread_blocked, id=7120, stack(0x0000000019ac0000,0x0000000019bc0000)]
  0x00000000192e9000 JavaThread "Attach Listener" daemon [_thread_blocked, id=10856, stack(0x00000000199c0000,0x0000000019ac0000)]
  0x00000000192e8000 JavaThread "Signal Dispatcher" daemon [_thread_blocked, id=17460, stack(0x00000000198c0000,0x00000000199c0000)]
  0x00000000192e1800 JavaThread "Finalizer" daemon [_thread_blocked, id=17516, stack(0x00000000196c0000,0x00000000197c0000)]
  0x00000000173ed800 JavaThread "Reference Handler" daemon [_thread_blocked, id=16416, stack(0x00000000191c0000,0x00000000192c0000)]
  0x00000000021ae000 JavaThread "main" [_thread_blocked, id=17916, stack(0x0000000002240000,0x0000000002340000)]

Other Threads:
  0x00000000173e9800 VMThread [stack: 0x00000000190c0000,0x00000000191c0000] [id=13496]
  0x0000000019394800 WatcherThread [stack: 0x0000000019fc0000,0x000000001a0c0000] [id=17212]

VM state:not at safepoint (normal execution)

VM Mutex/Monitor currently owned by a thread: None

Heap:
 PSYoungGen      total 105472K, used 13935K [0x00000000d5d00000, 0x00000000dfc00000, 0x0000000100000000)
  eden space 65024K, 6% used [0x00000000d5d00000,0x00000000d610a178,0x00000000d9c80000)
  from space 40448K, 24% used [0x00000000dd480000,0x00000000dde11d78,0x00000000dfc00000)
  to   space 5120K, 0% used [0x00000000d9c80000,0x00000000d9c80000,0x00000000da180000)
 ParOldGen       total 104960K, used 50954K [0x0000000081600000, 0x0000000087c80000, 0x00000000d5d00000)
  object space 104960K, 48% used [0x0000000081600000,0x00000000847c28b8,0x0000000087c80000)
 Metaspace       used 15322K, capacity 15560K, committed 15744K, reserved 1062912K
  class space    used 1825K, capacity 1918K, committed 1920K, reserved 1048576K

Card table byte_map: [0x0000000011800000,0x0000000011c00000] byte_map_base: 0x00000000113f5000

Marking Bits: (ParMarkBitMap*) 0x000000005fa63e30
 Begin Bits: [0x00000000126b0000, 0x0000000014658000)
 End Bits:   [0x0000000014658000, 0x0000000016600000)

Polling page: 0x00000000005e0000

CodeCache: size=245760Kb used=5377Kb max_used=5377Kb free=240382Kb
 bounds [0x0000000002440000, 0x0000000002990000, 0x0000000011440000]
 total_blobs=2145 nmethods=1563 adapters=495
 compilation: enabled

Compilation events (10 events):
Event: 12.980 Thread 0x00000000192fb800 nmethod 1559 0x000000000297c690 code [0x000000000297c800, 0x000000000297caf0]
Event: 12.988 Thread 0x00000000192fb800 1560   !   3       org.json.JSONObject::toString (101 bytes)
Event: 12.995 Thread 0x00000000192fb800 nmethod 1560 0x000000000297ded0 code [0x000000000297e2c0, 0x0000000002980d38]
Event: 13.094 Thread 0x00000000192f8000 1561       4       sun.misc.FloatingDecimal$ASCIIToBinaryBuffer::doubleValue (1194 bytes)
Event: 13.097 Thread 0x00000000192fb800 1562       3       java.time.LocalDate::toEpochDay (154 bytes)
Event: 13.098 Thread 0x00000000192fb800 nmethod 1562 0x000000000297bcd0 code [0x000000000297be60, 0x000000000297c4a8]
Event: 13.112 Thread 0x00000000192fb800 1563   !   3       sun.java2d.SunGraphics2D::fillRect (74 bytes)
Event: 13.114 Thread 0x00000000192fb800 nmethod 1563 0x0000000002982810 code [0x00000000029829e0, 0x00000000029833a8]
Event: 13.117 Thread 0x00000000192fb800 1564       3       sun.java2d.pipe.ValidatePipe::fillRect (25 bytes)
Event: 13.119 Thread 0x00000000192fb800 nmethod 1564 0x0000000002983890 code [0x0000000002983a40, 0x0000000002984068]

GC Heap History (10 events):
Event: 7.678 GC heap before
{Heap before GC invocations=5 (full 1):
 PSYoungGen      total 38400K, used 33218K [0x00000000d5d00000, 0x00000000da800000, 0x0000000100000000)
  eden space 33280K, 99% used [0x00000000d5d00000,0x00000000d7d70a38,0x00000000d7d80000)
  from space 5120K, 0% used [0x00000000d7d80000,0x00000000d7d80000,0x00000000d8280000)
  to   space 5120K, 0% used [0x00000000da300000,0x00000000da300000,0x00000000da800000)
 ParOldGen       total 104960K, used 19281K [0x0000000081600000, 0x0000000087c80000, 0x00000000d5d00000)
  object space 104960K, 18% used [0x0000000081600000,0x00000000828d4598,0x0000000087c80000)
 Metaspace       used 15252K, capacity 15496K, committed 15744K, reserved 1062912K
  class space    used 1825K, capacity 1918K, committed 1920K, reserved 1048576K
Event: 7.682 GC heap after
Heap after GC invocations=5 (full 1):
 PSYoungGen      total 58368K, used 3462K [0x00000000d5d00000, 0x00000000da680000, 0x0000000100000000)
  eden space 54784K, 0% used [0x00000000d5d00000,0x00000000d5d00000,0x00000000d9280000)
  from space 3584K, 96% used [0x00000000da300000,0x00000000da6618b0,0x00000000da680000)
  to   space 5120K, 0% used [0x00000000d9c80000,0x00000000d9c80000,0x00000000da180000)
 ParOldGen       total 104960K, used 31945K [0x0000000081600000, 0x0000000087c80000, 0x00000000d5d00000)
  object space 104960K, 30% used [0x0000000081600000,0x00000000835326d8,0x0000000087c80000)
 Metaspace       used 15252K, capacity 15496K, committed 15744K, reserved 1062912K
  class space    used 1825K, capacity 1918K, committed 1920K, reserved 1048576K
}
Event: 8.945 GC heap before
{Heap before GC invocations=6 (full 1):
 PSYoungGen      total 58368K, used 55894K [0x00000000d5d00000, 0x00000000da680000, 0x0000000100000000)
  eden space 54784K, 95% used [0x00000000d5d00000,0x00000000d9034190,0x00000000d9280000)
  from space 3584K, 96% used [0x00000000da300000,0x00000000da6618b0,0x00000000da680000)
  to   space 5120K, 0% used [0x00000000d9c80000,0x00000000d9c80000,0x00000000da180000)
 ParOldGen       total 104960K, used 31945K [0x0000000081600000, 0x0000000087c80000, 0x00000000d5d00000)
  object space 104960K, 30% used [0x0000000081600000,0x00000000835326d8,0x0000000087c80000)
 Metaspace       used 15285K, capacity 15496K, committed 15744K, reserved 1062912K
  class space    used 1825K, capacity 1918K, committed 1920K, reserved 1048576K
Event: 8.948 GC heap after
Heap after GC invocations=6 (full 1):
 PSYoungGen      total 59904K, used 3412K [0x00000000d5d00000, 0x00000000da680000, 0x0000000100000000)
  eden space 54784K, 0% used [0x00000000d5d00000,0x00000000d5d00000,0x00000000d9280000)
  from space 5120K, 66% used [0x00000000d9c80000,0x00000000d9fd5088,0x00000000da180000)
  to   space 3584K, 0% used [0x00000000da300000,0x00000000da300000,0x00000000da680000)
 ParOldGen       total 104960K, used 38281K [0x0000000081600000, 0x0000000087c80000, 0x00000000d5d00000)
  object space 104960K, 36% used [0x0000000081600000,0x0000000083b62778,0x0000000087c80000)
 Metaspace       used 15285K, capacity 15496K, committed 15744K, reserved 1062912K
  class space    used 1825K, capacity 1918K, committed 1920K, reserved 1048576K
}
Event: 10.373 GC heap before
{Heap before GC invocations=7 (full 1):
 PSYoungGen      total 59904K, used 58196K [0x00000000d5d00000, 0x00000000da680000, 0x0000000100000000)
  eden space 54784K, 100% used [0x00000000d5d00000,0x00000000d9280000,0x00000000d9280000)
  from space 5120K, 66% used [0x00000000d9c80000,0x00000000d9fd5088,0x00000000da180000)
  to   space 3584K, 0% used [0x00000000da300000,0x00000000da300000,0x00000000da680000)
 ParOldGen       total 104960K, used 38281K [0x0000000081600000, 0x0000000087c80000, 0x00000000d5d00000)
  object space 104960K, 36% used [0x0000000081600000,0x0000000083b62778,0x0000000087c80000)
 Metaspace       used 15304K, capacity 15560K, committed 15744K, reserved 1062912K
  class space    used 1825K, capacity 1918K, committed 1920K, reserved 1048576K
Event: 10.378 GC heap after
Heap after GC invocations=7 (full 1):
 PSYoungGen      total 58368K, used 3462K [0x00000000d5d00000, 0x00000000da680000, 0x0000000100000000)
  eden space 54784K, 0% used [0x00000000d5d00000,0x00000000d5d00000,0x00000000d9280000)
  from space 3584K, 96% used [0x00000000da300000,0x00000000da661938,0x00000000da680000)
  to   space 5120K, 0% used [0x00000000d9c80000,0x00000000d9c80000,0x00000000da180000)
 ParOldGen       total 104960K, used 44618K [0x0000000081600000, 0x0000000087c80000, 0x00000000d5d00000)
  object space 104960K, 42% used [0x0000000081600000,0x0000000084192818,0x0000000087c80000)
 Metaspace       used 15304K, capacity 15560K, committed 15744K, reserved 1062912K
  class space    used 1825K, capacity 1918K, committed 1920K, reserved 1048576K
}
Event: 11.536 GC heap before
{Heap before GC invocations=8 (full 1):
 PSYoungGen      total 58368K, used 57194K [0x00000000d5d00000, 0x00000000da680000, 0x0000000100000000)
  eden space 54784K, 98% used [0x00000000d5d00000,0x00000000d9179058,0x00000000d9280000)
  from space 3584K, 96% used [0x00000000da300000,0x00000000da661938,0x00000000da680000)
  to   space 5120K, 0% used [0x00000000d9c80000,0x00000000d9c80000,0x00000000da180000)
 ParOldGen       total 104960K, used 44618K [0x0000000081600000, 0x0000000087c80000, 0x00000000d5d00000)
  object space 104960K, 42% used [0x0000000081600000,0x0000000084192818,0x0000000087c80000)
 Metaspace       used 15310K, capacity 15560K, committed 15744K, reserved 1062912K
  class space    used 1825K, capacity 1918K, committed 1920K, reserved 1048576K
Event: 11.542 GC heap after
Heap after GC invocations=8 (full 1):
 PSYoungGen      total 70144K, used 3482K [0x00000000d5d00000, 0x00000000dfc00000, 0x0000000100000000)
  eden space 65024K, 0% used [0x00000000d5d00000,0x00000000d5d00000,0x00000000d9c80000)
  from space 5120K, 68% used [0x00000000d9c80000,0x00000000d9fe6810,0x00000000da180000)
  to   space 40448K, 0% used [0x00000000dd480000,0x00000000dd480000,0x00000000dfc00000)
 ParOldGen       total 104960K, used 50954K [0x0000000081600000, 0x0000000087c80000, 0x00000000d5d00000)
  object space 104960K, 48% used [0x0000000081600000,0x00000000847c28b8,0x0000000087c80000)
 Metaspace       used 15310K, capacity 15560K, committed 15744K, reserved 1062912K
  class space    used 1825K, capacity 1918K, committed 1920K, reserved 1048576K
}
Event: 13.099 GC heap before
{Heap before GC invocations=9 (full 1):
 PSYoungGen      total 70144K, used 68342K [0x00000000d5d00000, 0x00000000dfc00000, 0x0000000100000000)
  eden space 65024K, 99% used [0x00000000d5d00000,0x00000000d9c571b8,0x00000000d9c80000)
  from space 5120K, 68% used [0x00000000d9c80000,0x00000000d9fe6810,0x00000000da180000)
  to   space 40448K, 0% used [0x00000000dd480000,0x00000000dd480000,0x00000000dfc00000)
 ParOldGen       total 104960K, used 50954K [0x0000000081600000, 0x0000000087c80000, 0x00000000d5d00000)
  object space 104960K, 48% used [0x0000000081600000,0x00000000847c28b8,0x0000000087c80000)
 Metaspace       used 15321K, capacity 15560K, committed 15744K, reserved 1062912K
  class space    used 1825K, capacity 1918K, committed 1920K, reserved 1048576K
Event: 13.111 GC heap after
Heap after GC invocations=9 (full 1):
 PSYoungGen      total 105472K, used 9799K [0x00000000d5d00000, 0x00000000dfc00000, 0x0000000100000000)
  eden space 65024K, 0% used [0x00000000d5d00000,0x00000000d5d00000,0x00000000d9c80000)
  from space 40448K, 24% used [0x00000000dd480000,0x00000000dde11d78,0x00000000dfc00000)
  to   space 5120K, 0% used [0x00000000d9c80000,0x00000000d9c80000,0x00000000da180000)
 ParOldGen       total 104960K, used 50954K [0x0000000081600000, 0x0000000087c80000, 0x00000000d5d00000)
  object space 104960K, 48% used [0x0000000081600000,0x00000000847c28b8,0x0000000087c80000)
 Metaspace       used 15321K, capacity 15560K, committed 15744K, reserved 1062912K
  class space    used 1825K, capacity 1918K, committed 1920K, reserved 1048576K
}

Deoptimization events (10 events):
Event: 1.623 Thread 0x000000001a309000 Uncommon trap: reason=class_check action=maybe_recompile pc=0x00000000025ce654 method=java.lang.String.equals(Ljava/lang/Object;)Z @ 8
Event: 1.771 Thread 0x000000001a309000 Uncommon trap: reason=class_check action=maybe_recompile pc=0x00000000025ce654 method=java.lang.String.equals(Ljava/lang/Object;)Z @ 8
Event: 1.771 Thread 0x000000001a309000 Uncommon trap: reason=class_check action=maybe_recompile pc=0x00000000025ce654 method=java.lang.String.equals(Ljava/lang/Object;)Z @ 8
Event: 2.351 Thread 0x00000000021ae000 Uncommon trap: reason=unstable_if action=reinterpret pc=0x0000000002670364 method=java.util.Properties.loadConvert([CII[C)Ljava/lang/String; @ 4
Event: 2.352 Thread 0x00000000021ae000 Uncommon trap: reason=unstable_if action=reinterpret pc=0x000000000266c5ac method=java.util.Properties$LineReader.readLine()I @ 252
Event: 5.283 Thread 0x000000001a309000 Uncommon trap: reason=unstable_if action=reinterpret pc=0x00000000027570f8 method=java.lang.CharacterData.of(I)Ljava/lang/CharacterData; @ 4
Event: 5.287 Thread 0x000000001a309000 Uncommon trap: reason=unstable_if action=reinterpret pc=0x00000000027fac74 method=java.lang.Character.isSurrogate(C)Z @ 3
Event: 5.885 Thread 0x000000001a309000 Uncommon trap: reason=unstable_if action=reinterpret pc=0x0000000002857ea8 method=sun.font.CMap$CMapFormat4.getGlyph(I)C @ 181
Event: 9.191 Thread 0x00000000021ae000 Uncommon trap: reason=range_check action=make_not_entrant pc=0x000000000292eb00 method=java.lang.String.charAt(I)C @ 27
Event: 9.191 Thread 0x00000000021ae000 Uncommon trap: reason=unstable_if action=reinterpret pc=0x000000000290a83c method=sun.misc.FloatingDecimal$ASCIIToBinaryBuffer.doubleValue()D @ 149

Classes redefined (0 events):
No events

Internal exceptions (10 events):
Event: 0.137 Thread 0x00000000021ae000 Exception <a 'java/security/PrivilegedActionException'> (0x00000000d5f2ac10) thrown at [C:\re\workspace\8-2-build-windows-amd64-cygwin\jdk8u191\11896\hotspot\src\share\vm\prims\jvm.cpp, line 1435]
Event: 0.137 Thread 0x00000000021ae000 Exception <a 'java/security/PrivilegedActionException'> (0x00000000d5f2ae20) thrown at [C:\re\workspace\8-2-build-windows-amd64-cygwin\jdk8u191\11896\hotspot\src\share\vm\prims\jvm.cpp, line 1435]
Event: 0.156 Thread 0x00000000021ae000 Exception <a 'java/security/PrivilegedActionException'> (0x00000000d5f874c0) thrown at [C:\re\workspace\8-2-build-windows-amd64-cygwin\jdk8u191\11896\hotspot\src\share\vm\prims\jvm.cpp, line 1435]
Event: 0.156 Thread 0x00000000021ae000 Exception <a 'java/security/PrivilegedActionException'> (0x00000000d5f876d0) thrown at [C:\re\workspace\8-2-build-windows-amd64-cygwin\jdk8u191\11896\hotspot\src\share\vm\prims\jvm.cpp, line 1435]
Event: 0.157 Thread 0x00000000021ae000 Exception <a 'java/security/PrivilegedActionException'> (0x00000000d5f8b418) thrown at [C:\re\workspace\8-2-build-windows-amd64-cygwin\jdk8u191\11896\hotspot\src\share\vm\prims\jvm.cpp, line 1435]
Event: 0.157 Thread 0x00000000021ae000 Exception <a 'java/security/PrivilegedActionException'> (0x00000000d5f8b628) thrown at [C:\re\workspace\8-2-build-windows-amd64-cygwin\jdk8u191\11896\hotspot\src\share\vm\prims\jvm.cpp, line 1435]
Event: 0.162 Thread 0x00000000021ae000 Exception <a 'java/io/FileNotFoundException'> (0x00000000d5f8d6a8) thrown at [C:\re\workspace\8-2-build-windows-amd64-cygwin\jdk8u191\11896\hotspot\src\share\vm\prims\jni.cpp, line 709]
Event: 0.199 Thread 0x00000000021ae000 Exception <a 'java/lang/NoSuchFieldError': method resolution failed> (0x00000000d605de68) thrown at [C:\re\workspace\8-2-build-windows-amd64-cygwin\jdk8u191\11896\hotspot\src\share\vm\prims\methodHandles.cpp, line 1167]
Event: 0.201 Thread 0x00000000021ae000 Exception <a 'java/lang/NoSuchFieldError': method resolution failed> (0x00000000d606b510) thrown at [C:\re\workspace\8-2-build-windows-amd64-cygwin\jdk8u191\11896\hotspot\src\share\vm\prims\methodHandles.cpp, line 1167]
Event: 0.256 Thread 0x00000000021ae000 Exception <a 'java/io/FileNotFoundException'> (0x00000000d6104a48) thrown at [C:\re\workspace\8-2-build-windows-amd64-cygwin\jdk8u191\11896\hotspot\src\share\vm\prims\jni.cpp, line 709]

Events (10 events):
Event: 10.348 Thread 0x000000001a274000 Thread exited: 0x000000001a274000
Event: 10.348 Executing VM operation: RevokeBias done
Event: 10.348 Thread 0x000000001d4ff800 Thread exited: 0x000000001d4ff800
Event: 10.348 Thread 0x000000001d500000 Thread exited: 0x000000001d500000
Event: 10.373 Executing VM operation: ParallelGCFailedAllocation
Event: 10.379 Executing VM operation: ParallelGCFailedAllocation done
Event: 11.536 Executing VM operation: ParallelGCFailedAllocation
Event: 11.542 Executing VM operation: ParallelGCFailedAllocation done
Event: 13.099 Executing VM operation: ParallelGCFailedAllocation
Event: 13.111 Executing VM operation: ParallelGCFailedAllocation done


Dynamic libraries:
0x00007ff7cb4d0000 - 0x00007ff7cb507000 	C:\Program Files\Java\jre1.8.0_191\bin\javaw.exe
0x00007ffa9ffc0000 - 0x00007ffaa01b0000 	C:\WINDOWS\SYSTEM32\ntdll.dll
0x00007ffa9e770000 - 0x00007ffa9e822000 	C:\WINDOWS\System32\KERNEL32.DLL
0x00007ffa9d3a0000 - 0x00007ffa9d643000 	C:\WINDOWS\System32\KERNELBASE.dll
0x00007ffa9f4b0000 - 0x00007ffa9f553000 	C:\WINDOWS\System32\ADVAPI32.dll
0x00007ffa9fee0000 - 0x00007ffa9ff7e000 	C:\WINDOWS\System32\msvcrt.dll
0x00007ffa9fd20000 - 0x00007ffa9fdb7000 	C:\WINDOWS\System32\sechost.dll
0x00007ffa9fdc0000 - 0x00007ffa9fee0000 	C:\WINDOWS\System32\RPCRT4.dll
0x00007ffa9e210000 - 0x00007ffa9e3a4000 	C:\WINDOWS\System32\USER32.dll
0x00007ffa9d6d0000 - 0x00007ffa9d6f1000 	C:\WINDOWS\System32\win32u.dll
0x00007ffa9e840000 - 0x00007ffa9e866000 	C:\WINDOWS\System32\GDI32.dll
0x00007ffa9d700000 - 0x00007ffa9d894000 	C:\WINDOWS\System32\gdi32full.dll
0x00007ffa9d1d0000 - 0x00007ffa9d26e000 	C:\WINDOWS\System32\msvcp_win.dll
0x00007ffa9d0d0000 - 0x00007ffa9d1ca000 	C:\WINDOWS\System32\ucrtbase.dll
0x00007ffa86bd0000 - 0x00007ffa86e55000 	C:\WINDOWS\WinSxS\amd64_microsoft.windows.common-controls_6595b64144ccf1df_6.0.18362.592_none_e6c0b1911312be02\COMCTL32.dll
0x00007ffa9f170000 - 0x00007ffa9f4a6000 	C:\WINDOWS\System32\combase.dll
0x00007ffa9d320000 - 0x00007ffa9d3a0000 	C:\WINDOWS\System32\bcryptPrimitives.dll
0x00007ffa9ef80000 - 0x00007ffa9efae000 	C:\WINDOWS\System32\IMM32.DLL
0x000000005efa0000 - 0x000000005f072000 	C:\Program Files\Java\jre1.8.0_191\bin\msvcr100.dll
0x000000005f240000 - 0x000000005fae4000 	C:\Program Files\Java\jre1.8.0_191\bin\server\jvm.dll
0x00007ffa9e870000 - 0x00007ffa9e878000 	C:\WINDOWS\System32\PSAPI.DLL
0x00007ffa91ef0000 - 0x00007ffa91efa000 	C:\WINDOWS\SYSTEM32\VERSION.dll
0x00007ffa8f1f0000 - 0x00007ffa8f1f9000 	C:\WINDOWS\SYSTEM32\WSOCK32.dll
0x00007ffa979d0000 - 0x00007ffa979f4000 	C:\WINDOWS\SYSTEM32\WINMM.dll
0x00007ffa9ed60000 - 0x00007ffa9edcf000 	C:\WINDOWS\System32\WS2_32.dll
0x00007ffa97b20000 - 0x00007ffa97b4d000 	C:\WINDOWS\SYSTEM32\WINMMBASE.dll
0x00007ffa9d8a0000 - 0x00007ffa9d8ea000 	C:\WINDOWS\System32\cfgmgr32.dll
0x000000005f150000 - 0x000000005f15f000 	C:\Program Files\Java\jre1.8.0_191\bin\verify.dll
0x000000005f120000 - 0x000000005f149000 	C:\Program Files\Java\jre1.8.0_191\bin\java.dll
0x000000005f100000 - 0x000000005f116000 	C:\Program Files\Java\jre1.8.0_191\bin\zip.dll
0x00007ffa9f630000 - 0x00007ffa9fd15000 	C:\WINDOWS\System32\SHELL32.dll
0x00007ffa9e070000 - 0x00007ffa9e119000 	C:\WINDOWS\System32\shcore.dll
0x00007ffa9d8f0000 - 0x00007ffa9e06f000 	C:\WINDOWS\System32\windows.storage.dll
0x00007ffa9cf30000 - 0x00007ffa9cf4f000 	C:\WINDOWS\System32\profapi.dll
0x00007ffa9cee0000 - 0x00007ffa9cf2a000 	C:\WINDOWS\System32\powrprof.dll
0x00007ffa9ce90000 - 0x00007ffa9cea0000 	C:\WINDOWS\System32\UMPDC.dll
0x00007ffa9efb0000 - 0x00007ffa9f002000 	C:\WINDOWS\System32\shlwapi.dll
0x00007ffa9cea0000 - 0x00007ffa9ceb1000 	C:\WINDOWS\System32\kernel.appcore.dll
0x00007ffa9d650000 - 0x00007ffa9d667000 	C:\WINDOWS\System32\cryptsp.dll
0x000000005ee00000 - 0x000000005ef99000 	C:\Program Files\Java\jre1.8.0_191\bin\awt.dll
0x00007ffa9e3b0000 - 0x00007ffa9e474000 	C:\WINDOWS\System32\OLEAUT32.dll
0x00007ffa9a760000 - 0x00007ffa9a7ef000 	C:\WINDOWS\SYSTEM32\apphelp.dll
0x00007ffa9b390000 - 0x00007ffa9b3bd000 	C:\WINDOWS\system32\DWMAPI.DLL
0x00007ffa9a8a0000 - 0x00007ffa9a939000 	C:\WINDOWS\system32\uxtheme.dll
0x00007ffa84a20000 - 0x00007ffa84b76000 	C:\WINDOWS\system32\opengl32.dll
0x00007ffa87e80000 - 0x00007ffa87eac000 	C:\WINDOWS\SYSTEM32\GLU32.dll
0x00007ffa9bb00000 - 0x00007ffa9bb20000 	C:\WINDOWS\SYSTEM32\dxcore.dll
0x00007ffa9f010000 - 0x00007ffa9f145000 	C:\WINDOWS\System32\MSCTF.dll
0x00007ffa9e560000 - 0x00007ffa9e6b6000 	C:\WINDOWS\System32\ole32.dll
0x000000005edb0000 - 0x000000005edf7000 	C:\Program Files\Java\jre1.8.0_191\bin\fontmanager.dll
0x000000005f0e0000 - 0x000000005f0fa000 	C:\Program Files\Java\jre1.8.0_191\bin\net.dll
0x00007ffa9c700000 - 0x00007ffa9c767000 	C:\WINDOWS\system32\mswsock.dll
0x000000005f0c0000 - 0x000000005f0d1000 	C:\Program Files\Java\jre1.8.0_191\bin\nio.dll
0x000000005ed60000 - 0x000000005eda2000 	C:\Program Files\Java\jre1.8.0_191\bin\t2k.dll
0x00007ffa9e6c0000 - 0x00007ffa9e762000 	C:\WINDOWS\System32\clbcatq.dll
0x00007ffa964d0000 - 0x00007ffa9667f000 	C:\WINDOWS\SYSTEM32\WindowsCodecs.dll
0x00007ffa81520000 - 0x00007ffa8155a000 	C:\WINDOWS\system32\dataexchange.dll
0x00007ffa995f0000 - 0x00007ffa9984b000 	C:\WINDOWS\system32\d3d11.dll
0x00007ffa99eb0000 - 0x00007ffa9a08b000 	C:\WINDOWS\system32\dcomp.dll
0x00007ffa9bb90000 - 0x00007ffa9bc7b000 	C:\WINDOWS\system32\dxgi.dll
0x00007ffa9af30000 - 0x00007ffa9b18a000 	C:\WINDOWS\system32\twinapi.appcore.dll
0x00007ffa9b360000 - 0x00007ffa9b389000 	C:\WINDOWS\system32\RMCLIENT.dll
0x00007ffa8a130000 - 0x00007ffa8a1ce000 	C:\WINDOWS\System32\TextInputFramework.dll
0x00007ffa96c10000 - 0x00007ffa96f3a000 	C:\WINDOWS\System32\CoreUIComponents.dll
0x00007ffa9a550000 - 0x00007ffa9a624000 	C:\WINDOWS\System32\CoreMessaging.dll
0x00007ffa9bef0000 - 0x00007ffa9bf21000 	C:\WINDOWS\SYSTEM32\ntmarta.dll
0x00007ffa98690000 - 0x00007ffa987e3000 	C:\WINDOWS\SYSTEM32\wintypes.dll
0x00007ffa91480000 - 0x00007ffa91726000 	C:\WINDOWS\System32\iertutil.dll
0x00007ffa9c450000 - 0x00007ffa9c51a000 	C:\WINDOWS\SYSTEM32\DNSAPI.dll
0x00007ffa9e8e0000 - 0x00007ffa9e8e8000 	C:\WINDOWS\System32\NSI.dll
0x00007ffa9c410000 - 0x00007ffa9c44a000 	C:\WINDOWS\SYSTEM32\IPHLPAPI.DLL
0x00007ffa91e60000 - 0x00007ffa91e6a000 	C:\Windows\System32\rasadhlp.dll
0x00007ffa95c50000 - 0x00007ffa95cc7000 	C:\WINDOWS\System32\fwpuclnt.dll
0x00007ffa9d0a0000 - 0x00007ffa9d0c6000 	C:\WINDOWS\System32\bcrypt.dll
0x000000005ed20000 - 0x000000005ed51000 	C:\Program Files\Java\jre1.8.0_191\bin\jpeg.dll

VM Arguments:
jvm_args: -Dfile.encoding=Cp1252 
java_command: gameClient.MyGameGUIauto
java_class_path (initial): C:\Users\Medhat\eclipse-workspace\OOP3\bin;C:\Users\Medhat\eclipse-workspace\OOP3\lib\java-json.jar;C:\Users\Medhat\.p2\pool\plugins\org.junit.jupiter.api_5.1.0.v20180327-1502.jar;C:\Users\Medhat\.p2\pool\plugins\org.junit.jupiter.engine_5.1.0.v20180327-1502.jar;C:\Users\Medhat\.p2\pool\plugins\org.junit.jupiter.migrationsupport_5.1.0.v20180327-1502.jar;C:\Users\Medhat\.p2\pool\plugins\org.junit.jupiter.params_5.1.0.v20180327-1502.jar;C:\Users\Medhat\.p2\pool\plugins\org.junit.platform.commons_1.1.0.v20180327-1502.jar;C:\Users\Medhat\.p2\pool\plugins\org.junit.platform.engine_1.1.0.v20180327-1502.jar;C:\Users\Medhat\.p2\pool\plugins\org.junit.platform.launcher_1.1.0.v20180327-1502.jar;C:\Users\Medhat\.p2\pool\plugins\org.junit.platform.runner_1.1.0.v20180327-1502.jar;C:\Users\Medhat\.p2\pool\plugins\org.junit.platform.suite.api_1.1.0.v20180327-1502.jar;C:\Users\Medhat\.p2\pool\plugins\org.junit.vintage.engine_5.1.0.v20180327-1502.jar;C:\Users\Medhat\.p2\pool\plugins\org.opentest4j_1.0.0.v20180327-1502.jar;C:\Users\Medhat\.p2\pool\plugins\org.apiguardian_1.0.0.v20180327-1502.jar;C:\Users\Medhat\.p2\pool\plugins\org.junit_4.12.0.v201504281640\junit.jar;C:\Users\Medhat\.p2\pool\plugins\org.hamcrest.core_1.3.0.v20180420-1519.jar;C:\Users\Medhat\eclipse-workspace\OOP3\lib\GameServer_v0.32.jar;C:\Users\Medhat\eclipse-workspace\OOP3\lib\mysql-connector-java-5.1.47.jar
Launcher Type: SUN_STANDARD

Environment Variables:
PATH=C:/Program Files/Java/jre1.8.0_191/bin/server;C:/Program Files/Java/jre1.8.0_191/bin;C:/Program Files/Java/jre1.8.0_191/lib/amd64;C:\Program Files (x86)\Common Files\Oracle\Java\javapath;C:\WINDOWS\system32;C:\WINDOWS;C:\WINDOWS\System32\Wbem;C:\WINDOWS\System32\WindowsPowerShell\v1.0\;C:\WINDOWS\System32\OpenSSH\;C:\Program Files\Git\cmd;C:\Users\Medhat\AppData\Local\Microsoft\WindowsApps;;C:\Users\Medhat\Desktop;
USERNAME=Medhat
OS=Windows_NT
PROCESSOR_IDENTIFIER=Intel64 Family 6 Model 142 Stepping 10, GenuineIntel



---------------  S Y S T E M  ---------------

OS: Windows 10.0 , 64 bit Build 18362 (10.0.18362.329)

CPU:total 8 (initial active 8) (4 cores per cpu, 2 threads per core) family 6 model 142 stepping 10, cmov, cx8, fxsr, mmx, sse, sse2, sse3, ssse3, sse4.1, sse4.2, popcnt, avx, avx2, aes, clmul, erms, 3dnowpref, lzcnt, ht, tsc, tscinvbit, bmi1, bmi2, adx

Memory: 4k page, physical 8295604k(868352k free), swap 23788024k(5156k free)

vm_info: Java HotSpot(TM) 64-Bit Server VM (25.191-b12) for windows-amd64 JRE (1.8.0_191-b12), built on Oct  6 2018 09:29:03 by "java_re" with MS VC++ 10.0 (VS2010)

time: Tue Jan 28 20:35:14 2020
elapsed time: 13 seconds (0d 0h 0m 13s)

