#
# There is insufficient memory for the Java Runtime Environment to continue.
# Native memory allocation (malloc) failed to allocate 301216 bytes for Chunk::new
# Possible reasons:
#   The system is out of physical RAM or swap space
#   In 32 bit mode, the process size limit was hit
# Possible solutions:
#   Reduce memory load on the system
#   Increase physical memory or swap space
#   Check if swap backing store is full
#   Use 64 bit Java on a 64 bit OS
#   Decrease Java heap size (-Xmx/-Xms)
#   Decrease number of Java threads
#   Decrease Java thread stack sizes (-Xss)
#   Set larger code cache with -XX:ReservedCodeCacheSize=
# This output file may be truncated or incomplete.
#
#  Out of Memory Error (allocation.cpp:390), pid=15420, tid=0x0000000000000db8
#
# JRE version: Java(TM) SE Runtime Environment (8.0_191-b12) (build 1.8.0_191-b12)
# Java VM: Java HotSpot(TM) 64-Bit Server VM (25.191-b12 mixed mode windows-amd64 compressed oops)
# Failed to write core dump. Minidumps are not enabled by default on client versions of Windows
#

---------------  T H R E A D  ---------------

Current thread (0x0000000019a8a000):  JavaThread "C2 CompilerThread0" daemon [_thread_in_native, id=3512, stack(0x000000001a260000,0x000000001a360000)]

Stack: [0x000000001a260000,0x000000001a360000]
[error occurred during error reporting (printing stack bounds), id 0xc0000005]

Native frames: (J=compiled Java code, j=interpreted, Vv=VM code, C=native code)


Current CompileTask:
C2:14912401 2081       4       sun.misc.URLClassPath::findResource (47 bytes)


---------------  P R O C E S S  ---------------

Java Threads: ( => current thread )
  0x0000000002a6e000 JavaThread "DestroyJavaVM" [_thread_blocked, id=17076, stack(0x0000000002940000,0x0000000002a40000)]
  0x000000001aaa1800 JavaThread "Abandoned connection cleanup thread" daemon [_thread_blocked, id=17356, stack(0x000000001d560000,0x000000001d660000)]
  0x000000001aa99000 JavaThread "TimerQueue" daemon [_thread_blocked, id=10404, stack(0x000000001d460000,0x000000001d560000)]
  0x000000001aa45000 JavaThread "AWT-EventQueue-0" [_thread_blocked, id=15828, stack(0x000000001bf10000,0x000000001c010000)]
  0x000000001a998800 JavaThread "AWT-Windows" daemon [_thread_in_native, id=16724, stack(0x000000001b420000,0x000000001b520000)]
  0x000000001a997800 JavaThread "AWT-Shutdown" [_thread_blocked, id=13568, stack(0x000000001b320000,0x000000001b420000)]
  0x000000001a950000 JavaThread "Java2D Disposer" daemon [_thread_blocked, id=17364, stack(0x000000001b1a0000,0x000000001b2a0000)]
  0x0000000019b2e000 JavaThread "Service Thread" daemon [_thread_blocked, id=8356, stack(0x000000001a660000,0x000000001a760000)]
  0x0000000019a9e800 JavaThread "C1 CompilerThread3" daemon [_thread_blocked, id=7280, stack(0x000000001a560000,0x000000001a660000)]
  0x0000000019a92800 JavaThread "C2 CompilerThread2" daemon [_thread_blocked, id=13984, stack(0x000000001a460000,0x000000001a560000)]
  0x0000000019a8c000 JavaThread "C2 CompilerThread1" daemon [_thread_blocked, id=16440, stack(0x000000001a360000,0x000000001a460000)]
=>0x0000000019a8a000 JavaThread "C2 CompilerThread0" daemon [_thread_in_native, id=3512, stack(0x000000001a260000,0x000000001a360000)]
  0x0000000019a88800 JavaThread "Attach Listener" daemon [_thread_blocked, id=9860, stack(0x000000001a160000,0x000000001a260000)]
  0x0000000017b9e800 JavaThread "Signal Dispatcher" daemon [_thread_blocked, id=14272, stack(0x000000001a060000,0x000000001a160000)]
  0x0000000019a80800 JavaThread "Finalizer" daemon [_thread_blocked, id=7492, stack(0x0000000019e60000,0x0000000019f60000)]
  0x0000000002ba9000 JavaThread "Reference Handler" daemon [_thread_blocked, id=240, stack(0x0000000019960000,0x0000000019a60000)]

Other Threads:
  0x0000000017b8a000 VMThread [stack: 0x0000000019860000,0x0000000019960000] [id=2140]
  0x0000000019b3f000 WatcherThread [stack: 0x000000001a760000,0x000000001a860000] [id=6120]

VM state:not at safepoint (normal execution)

VM Mutex/Monitor currently owned by a thread: None

Heap:
 PSYoungGen      total 64000K, used 24036K [0x00000000d5d00000, 0x00000000dae80000, 0x0000000100000000)
  eden space 53760K, 26% used [0x00000000d5d00000,0x00000000d6abc600,0x00000000d9180000)
  from space 10240K, 97% used [0x00000000d9300000,0x00000000d9cbca68,0x00000000d9d00000)
  to   space 14848K, 0% used [0x00000000da000000,0x00000000da000000,0x00000000dae80000)
 ParOldGen       total 95744K, used 46165K [0x0000000081600000, 0x0000000087380000, 0x00000000d5d00000)
  object space 95744K, 48% used [0x0000000081600000,0x0000000084315410,0x0000000087380000)
 Metaspace       used 15675K, capacity 15962K, committed 16384K, reserved 1062912K
  class space    used 1828K, capacity 1921K, committed 2048K, reserved 1048576K

Card table byte_map: [0x0000000011f70000,0x0000000012370000] byte_map_base: 0x0000000011b65000

Marking Bits: (ParMarkBitMap*) 0x000000005fa63e30
 Begin Bits: [0x0000000012e20000, 0x0000000014dc8000)
 End Bits:   [0x0000000014dc8000, 0x0000000016d70000)

Polling page: 0x0000000002a40000

CodeCache: size=245760Kb used=7046Kb max_used=7046Kb free=238713Kb
 bounds [0x0000000002bb0000, 0x00000000032a0000, 0x0000000011bb0000]
 total_blobs=2519 nmethods=1934 adapters=497
 compilation: enabled

Compilation events (10 events):
Event: 14733.900 Thread 0x0000000019a8a000 nmethod 2076 0x00000000032987d0 code [0x0000000003298940, 0x0000000003298b58]
Event: 14735.222 Thread 0x0000000019a9e800 2077       3       java.awt.Color::<init> (11 bytes)
Event: 14735.223 Thread 0x0000000019a9e800 nmethod 2077 0x0000000002f41190 code [0x0000000002f41300, 0x0000000002f41488]
Event: 14735.319 Thread 0x0000000019a9e800 2078   !   3       java.awt.Toolkit::setDesktopProperty (81 bytes)
Event: 14735.320 Thread 0x0000000019a9e800 nmethod 2078 0x0000000003294f90 code [0x00000000032951c0, 0x00000000032960c8]
Event: 14737.517 Thread 0x0000000019a9e800 2079       3       java.util.HashMap::putMapEntries (154 bytes)
Event: 14737.519 Thread 0x0000000019a9e800 nmethod 2079 0x00000000032973d0 code [0x0000000003297640, 0x00000000032983a8]
Event: 14737.519 Thread 0x0000000019a9e800 2080       3       java.awt.Color::equals (27 bytes)
Event: 14737.519 Thread 0x0000000019a9e800 nmethod 2080 0x0000000003298d50 code [0x0000000003298ec0, 0x00000000032993b0]
Event: 14912.334 Thread 0x0000000019a8a000 2081       4       sun.misc.URLClassPath::findResource (47 bytes)

GC Heap History (10 events):
Event: 62.549 GC heap before
{Heap before GC invocations=26 (full 1):
 PSYoungGen      total 76288K, used 69927K [0x00000000d5d00000, 0x00000000dbb00000, 0x0000000100000000)
  eden space 61440K, 96% used [0x00000000d5d00000,0x00000000d971f5d0,0x00000000d9900000)
  from space 14848K, 70% used [0x00000000dac80000,0x00000000db6aa7a8,0x00000000dbb00000)
  to   space 17408K, 0% used [0x00000000d9900000,0x00000000d9900000,0x00000000daa00000)
 ParOldGen       total 95744K, used 46149K [0x0000000081600000, 0x0000000087380000, 0x00000000d5d00000)
  object space 95744K, 48% used [0x0000000081600000,0x0000000084311410,0x0000000087380000)
 Metaspace       used 15599K, capacity 15888K, committed 16000K, reserved 1062912K
  class space    used 1825K, capacity 1918K, committed 1920K, reserved 1048576K
Event: 62.551 GC heap after
Heap after GC invocations=26 (full 1):
 PSYoungGen      total 70144K, used 9944K [0x00000000d5d00000, 0x00000000db880000, 0x0000000100000000)
  eden space 59904K, 0% used [0x00000000d5d00000,0x00000000d5d00000,0x00000000d9780000)
  from space 10240K, 97% used [0x00000000d9900000,0x00000000da2b6168,0x00000000da300000)
  to   space 16896K, 0% used [0x00000000da800000,0x00000000da800000,0x00000000db880000)
 ParOldGen       total 95744K, used 46149K [0x0000000081600000, 0x0000000087380000, 0x00000000d5d00000)
  object space 95744K, 48% used [0x0000000081600000,0x0000000084311410,0x0000000087380000)
 Metaspace       used 15599K, capacity 15888K, committed 16000K, reserved 1062912K
  class space    used 1825K, capacity 1918K, committed 1920K, reserved 1048576K
}
Event: 64.285 GC heap before
{Heap before GC invocations=27 (full 1):
 PSYoungGen      total 70144K, used 69601K [0x00000000d5d00000, 0x00000000db880000, 0x0000000100000000)
  eden space 59904K, 99% used [0x00000000d5d00000,0x00000000d97424b0,0x00000000d9780000)
  from space 10240K, 97% used [0x00000000d9900000,0x00000000da2b6168,0x00000000da300000)
  to   space 16896K, 0% used [0x00000000da800000,0x00000000da800000,0x00000000db880000)
 ParOldGen       total 95744K, used 46149K [0x0000000081600000, 0x0000000087380000, 0x00000000d5d00000)
  object space 95744K, 48% used [0x0000000081600000,0x0000000084311410,0x0000000087380000)
 Metaspace       used 15601K, capacity 15888K, committed 16000K, reserved 1062912K
  class space    used 1825K, capacity 1918K, committed 1920K, reserved 1048576K
Event: 64.287 GC heap after
Heap after GC invocations=27 (full 1):
 PSYoungGen      total 72704K, used 10015K [0x00000000d5d00000, 0x00000000db600000, 0x0000000100000000)
  eden space 58368K, 0% used [0x00000000d5d00000,0x00000000d5d00000,0x00000000d9600000)
  from space 14336K, 69% used [0x00000000da800000,0x00000000db1c7db8,0x00000000db600000)
  to   space 16384K, 0% used [0x00000000d9600000,0x00000000d9600000,0x00000000da600000)
 ParOldGen       total 95744K, used 46149K [0x0000000081600000, 0x0000000087380000, 0x00000000d5d00000)
  object space 95744K, 48% used [0x0000000081600000,0x0000000084311410,0x0000000087380000)
 Metaspace       used 15601K, capacity 15888K, committed 16000K, reserved 1062912K
  class space    used 1825K, capacity 1918K, committed 1920K, reserved 1048576K
}
Event: 65.804 GC heap before
{Heap before GC invocations=28 (full 1):
 PSYoungGen      total 72704K, used 65862K [0x00000000d5d00000, 0x00000000db600000, 0x0000000100000000)
  eden space 58368K, 95% used [0x00000000d5d00000,0x00000000d9389b80,0x00000000d9600000)
  from space 14336K, 69% used [0x00000000da800000,0x00000000db1c7db8,0x00000000db600000)
  to   space 16384K, 0% used [0x00000000d9600000,0x00000000d9600000,0x00000000da600000)
 ParOldGen       total 95744K, used 46149K [0x0000000081600000, 0x0000000087380000, 0x00000000d5d00000)
  object space 95744K, 48% used [0x0000000081600000,0x0000000084311410,0x0000000087380000)
 Metaspace       used 15601K, capacity 15888K, committed 16000K, reserved 1062912K
  class space    used 1825K, capacity 1918K, committed 1920K, reserved 1048576K
Event: 65.808 GC heap after
Heap after GC invocations=28 (full 1):
 PSYoungGen      total 67072K, used 9957K [0x00000000d5d00000, 0x00000000db380000, 0x0000000100000000)
  eden space 56832K, 0% used [0x00000000d5d00000,0x00000000d5d00000,0x00000000d9480000)
  from space 10240K, 97% used [0x00000000d9600000,0x00000000d9fb97f0,0x00000000da000000)
  to   space 15872K, 0% used [0x00000000da400000,0x00000000da400000,0x00000000db380000)
 ParOldGen       total 95744K, used 46149K [0x0000000081600000, 0x0000000087380000, 0x00000000d5d00000)
  object space 95744K, 48% used [0x0000000081600000,0x0000000084311410,0x0000000087380000)
 Metaspace       used 15601K, capacity 15888K, committed 16000K, reserved 1062912K
  class space    used 1825K, capacity 1918K, committed 1920K, reserved 1048576K
}
Event: 67.164 GC heap before
{Heap before GC invocations=29 (full 1):
 PSYoungGen      total 67072K, used 66330K [0x00000000d5d00000, 0x00000000db380000, 0x0000000100000000)
  eden space 56832K, 99% used [0x00000000d5d00000,0x00000000d940d3e8,0x00000000d9480000)
  from space 10240K, 97% used [0x00000000d9600000,0x00000000d9fb97f0,0x00000000da000000)
  to   space 15872K, 0% used [0x00000000da400000,0x00000000da400000,0x00000000db380000)
 ParOldGen       total 95744K, used 46149K [0x0000000081600000, 0x0000000087380000, 0x00000000d5d00000)
  object space 95744K, 48% used [0x0000000081600000,0x0000000084311410,0x0000000087380000)
 Metaspace       used 15602K, capacity 15888K, committed 16000K, reserved 1062912K
  class space    used 1825K, capacity 1918K, committed 1920K, reserved 1048576K
Event: 67.166 GC heap after
Heap after GC invocations=29 (full 1):
 PSYoungGen      total 68608K, used 10028K [0x00000000d5d00000, 0x00000000db100000, 0x0000000100000000)
  eden space 55296K, 0% used [0x00000000d5d00000,0x00000000d5d00000,0x00000000d9300000)
  from space 13312K, 75% used [0x00000000da400000,0x00000000dadcb238,0x00000000db100000)
  to   space 15360K, 0% used [0x00000000d9300000,0x00000000d9300000,0x00000000da200000)
 ParOldGen       total 95744K, used 46157K [0x0000000081600000, 0x0000000087380000, 0x00000000d5d00000)
  object space 95744K, 48% used [0x0000000081600000,0x0000000084313410,0x0000000087380000)
 Metaspace       used 15602K, capacity 15888K, committed 16000K, reserved 1062912K
  class space    used 1825K, capacity 1918K, committed 1920K, reserved 1048576K
}
Event: 68.646 GC heap before
{Heap before GC invocations=30 (full 1):
 PSYoungGen      total 68608K, used 62199K [0x00000000d5d00000, 0x00000000db100000, 0x0000000100000000)
  eden space 55296K, 94% used [0x00000000d5d00000,0x00000000d8ff2b98,0x00000000d9300000)
  from space 13312K, 75% used [0x00000000da400000,0x00000000dadcb238,0x00000000db100000)
  to   space 15360K, 0% used [0x00000000d9300000,0x00000000d9300000,0x00000000da200000)
 ParOldGen       total 95744K, used 46157K [0x0000000081600000, 0x0000000087380000, 0x00000000d5d00000)
  object space 95744K, 48% used [0x0000000081600000,0x0000000084313410,0x0000000087380000)
 Metaspace       used 15621K, capacity 15888K, committed 16000K, reserved 1062912K
  class space    used 1825K, capacity 1918K, committed 1920K, reserved 1048576K
Event: 68.649 GC heap after
Heap after GC invocations=30 (full 1):
 PSYoungGen      total 64000K, used 9970K [0x00000000d5d00000, 0x00000000dae80000, 0x0000000100000000)
  eden space 53760K, 0% used [0x00000000d5d00000,0x00000000d5d00000,0x00000000d9180000)
  from space 10240K, 97% used [0x00000000d9300000,0x00000000d9cbca68,0x00000000d9d00000)
  to   space 14848K, 0% used [0x00000000da000000,0x00000000da000000,0x00000000dae80000)
 ParOldGen       total 95744K, used 46165K [0x0000000081600000, 0x0000000087380000, 0x00000000d5d00000)
  object space 95744K, 48% used [0x0000000081600000,0x0000000084315410,0x0000000087380000)
 Metaspace       used 15621K, capacity 15888K, committed 16000K, reserved 1062912K
  class space    used 1825K, capacity 1918K, committed 1920K, reserved 1048576K
}

Deoptimization events (10 events):
Event: 2.602 Thread 0x000000001aa45000 Uncommon trap: reason=class_check action=maybe_recompile pc=0x0000000002d3ef94 method=java.lang.String.equals(Ljava/lang/Object;)Z @ 8
Event: 3.105 Thread 0x000000001aa45000 Uncommon trap: reason=class_check action=maybe_recompile pc=0x0000000002d3ef94 method=java.lang.String.equals(Ljava/lang/Object;)Z @ 8
Event: 3.105 Thread 0x000000001aa45000 Uncommon trap: reason=class_check action=maybe_recompile pc=0x0000000002d3ef94 method=java.lang.String.equals(Ljava/lang/Object;)Z @ 8
Event: 3.512 Thread 0x0000000002a6e000 Uncommon trap: reason=unstable_if action=reinterpret pc=0x0000000002de6e24 method=java.util.Properties.loadConvert([CII[C)Ljava/lang/String; @ 4
Event: 3.513 Thread 0x0000000002a6e000 Uncommon trap: reason=unstable_if action=reinterpret pc=0x0000000002ded52c method=java.util.Properties$LineReader.readLine()I @ 252
Event: 9.021 Thread 0x000000001aa45000 Uncommon trap: reason=unstable_if action=reinterpret pc=0x0000000002ed7db8 method=java.lang.CharacterData.of(I)Ljava/lang/CharacterData; @ 4
Event: 9.024 Thread 0x000000001aa45000 Uncommon trap: reason=unstable_if action=reinterpret pc=0x0000000002f8c634 method=java.lang.Character.isSurrogate(C)Z @ 3
Event: 68.900 Thread 0x0000000002a6e000 Uncommon trap: reason=unstable_if action=reinterpret pc=0x00000000030de28c method=java.lang.Integer.getChars(II[C)V @ 20
Event: 68.900 Thread 0x0000000002a6e000 Uncommon trap: reason=unstable_if action=reinterpret pc=0x00000000030b6614 method=java.lang.Integer.getChars(II[C)V @ 20
Event: 4698.164 Thread 0x000000001aa45000 Uncommon trap: reason=unstable_if action=reinterpret pc=0x000000000301af0c method=java.util.HashMap$HashIterator.<init>(Ljava/util/HashMap;)V @ 45

Classes redefined (0 events):
No events

Internal exceptions (10 events):
Event: 0.138 Thread 0x0000000002a6e000 Exception <a 'java/security/PrivilegedActionException'> (0x00000000d5f261d8) thrown at [C:\re\workspace\8-2-build-windows-amd64-cygwin\jdk8u191\11896\hotspot\src\share\vm\prims\jvm.cpp, line 1435]
Event: 0.138 Thread 0x0000000002a6e000 Exception <a 'java/security/PrivilegedActionException'> (0x00000000d5f263e8) thrown at [C:\re\workspace\8-2-build-windows-amd64-cygwin\jdk8u191\11896\hotspot\src\share\vm\prims\jvm.cpp, line 1435]
Event: 0.156 Thread 0x0000000002a6e000 Exception <a 'java/security/PrivilegedActionException'> (0x00000000d5f87718) thrown at [C:\re\workspace\8-2-build-windows-amd64-cygwin\jdk8u191\11896\hotspot\src\share\vm\prims\jvm.cpp, line 1435]
Event: 0.156 Thread 0x0000000002a6e000 Exception <a 'java/security/PrivilegedActionException'> (0x00000000d5f87928) thrown at [C:\re\workspace\8-2-build-windows-amd64-cygwin\jdk8u191\11896\hotspot\src\share\vm\prims\jvm.cpp, line 1435]
Event: 0.157 Thread 0x0000000002a6e000 Exception <a 'java/security/PrivilegedActionException'> (0x00000000d5f8b670) thrown at [C:\re\workspace\8-2-build-windows-amd64-cygwin\jdk8u191\11896\hotspot\src\share\vm\prims\jvm.cpp, line 1435]
Event: 0.157 Thread 0x0000000002a6e000 Exception <a 'java/security/PrivilegedActionException'> (0x00000000d5f8b880) thrown at [C:\re\workspace\8-2-build-windows-amd64-cygwin\jdk8u191\11896\hotspot\src\share\vm\prims\jvm.cpp, line 1435]
Event: 0.161 Thread 0x0000000002a6e000 Exception <a 'java/io/FileNotFoundException'> (0x00000000d5f8d900) thrown at [C:\re\workspace\8-2-build-windows-amd64-cygwin\jdk8u191\11896\hotspot\src\share\vm\prims\jni.cpp, line 709]
Event: 0.209 Thread 0x0000000002a6e000 Exception <a 'java/lang/NoSuchFieldError': method resolution failed> (0x00000000d605e0e0) thrown at [C:\re\workspace\8-2-build-windows-amd64-cygwin\jdk8u191\11896\hotspot\src\share\vm\prims\methodHandles.cpp, line 1167]
Event: 0.211 Thread 0x0000000002a6e000 Exception <a 'java/lang/NoSuchFieldError': method resolution failed> (0x00000000d606b4b0) thrown at [C:\re\workspace\8-2-build-windows-amd64-cygwin\jdk8u191\11896\hotspot\src\share\vm\prims\methodHandles.cpp, line 1167]
Event: 0.295 Thread 0x0000000002a6e000 Exception <a 'java/io/FileNotFoundException'> (0x00000000d6104cf8) thrown at [C:\re\workspace\8-2-build-windows-amd64-cygwin\jdk8u191\11896\hotspot\src\share\vm\prims\jni.cpp, line 709]

Events (10 events):
Event: 4697.483 loading class sun/awt/windows/WToolkit$3 done
Event: 4697.506 loading class java/util/WeakHashMap$KeyIterator
Event: 4697.507 loading class java/util/WeakHashMap$HashIterator
Event: 4697.508 loading class java/util/WeakHashMap$HashIterator done
Event: 4697.508 loading class java/util/WeakHashMap$KeyIterator done
Event: 4697.902 loading class javax/swing/RepaintManager$DisplayChangedRunnable
Event: 4697.903 loading class javax/swing/RepaintManager$DisplayChangedRunnable done
Event: 4698.164 Thread 0x000000001aa45000 Uncommon trap: trap_request=0xffffff65 fr.pc=0x000000000301af0c
Event: 4698.165 Thread 0x000000001aa45000 DEOPT PACKING pc=0x000000000301af0c sp=0x000000001c00dd00
Event: 4698.165 Thread 0x000000001aa45000 DEOPT UNPACKING pc=0x0000000002bf583b sp=0x000000001c00dca0 mode 2


Dynamic libraries:
0x00007ff7cb4d0000 - 0x00007ff7cb507000 	C:\Program Files\Java\jre1.8.0_191\bin\javaw.exe
0x00007ffa9ffc0000 - 0x00007ffaa01b0000 	C:\WINDOWS\SYSTEM32\ntdll.dll
0x00007ffa9e770000 - 0x00007ffa9e822000 	C:\WINDOWS\System32\KERNEL32.DLL
0x00007ffa9d3a0000 - 0x00007ffa9d643000 	C:\WINDOWS\System32\KERNELBASE.dll
0x00007ffa9f4b0000 - 0x00007ffa9f553000 	C:\WINDOWS\System32\ADVAPI32.dll
0x00007ffa9fee0000 - 0x00007ffa9ff7e000 	C:\WINDOWS\System32\msvcrt.dll
0x00007ffa9fd20000 - 0x00007ffa9fdb7000 	C:\WINDOWS\System32\sechost.dll
0x00007ffa9fdc0000 - 0x00007ffa9fee0000 	C:\WINDOWS\System32\RPCRT4.dll
0x00007ffa9e210000 - 0x00007ffa9e3a4000 	C:\WINDOWS\System32\USER32.dll
0x00007ffa9d6d0000 - 0x00007ffa9d6f1000 	C:\WINDOWS\System32\win32u.dll
0x00007ffa9e840000 - 0x00007ffa9e866000 	C:\WINDOWS\System32\GDI32.dll
0x00007ffa9d700000 - 0x00007ffa9d894000 	C:\WINDOWS\System32\gdi32full.dll
0x00007ffa9d1d0000 - 0x00007ffa9d26e000 	C:\WINDOWS\System32\msvcp_win.dll
0x00007ffa9d0d0000 - 0x00007ffa9d1ca000 	C:\WINDOWS\System32\ucrtbase.dll
0x00007ffa86bd0000 - 0x00007ffa86e55000 	C:\WINDOWS\WinSxS\amd64_microsoft.windows.common-controls_6595b64144ccf1df_6.0.18362.592_none_e6c0b1911312be02\COMCTL32.dll
0x00007ffa9f170000 - 0x00007ffa9f4a6000 	C:\WINDOWS\System32\combase.dll
0x00007ffa9d320000 - 0x00007ffa9d3a0000 	C:\WINDOWS\System32\bcryptPrimitives.dll
0x00007ffa9ef80000 - 0x00007ffa9efae000 	C:\WINDOWS\System32\IMM32.DLL
0x000000005efa0000 - 0x000000005f072000 	C:\Program Files\Java\jre1.8.0_191\bin\msvcr100.dll
0x000000005f240000 - 0x000000005fae4000 	C:\Program Files\Java\jre1.8.0_191\bin\server\jvm.dll
0x00007ffa9e870000 - 0x00007ffa9e878000 	C:\WINDOWS\System32\PSAPI.DLL
0x00007ffa8f1f0000 - 0x00007ffa8f1f9000 	C:\WINDOWS\SYSTEM32\WSOCK32.dll
0x00007ffa91ef0000 - 0x00007ffa91efa000 	C:\WINDOWS\SYSTEM32\VERSION.dll
0x00007ffa979d0000 - 0x00007ffa979f4000 	C:\WINDOWS\SYSTEM32\WINMM.dll
0x00007ffa9ed60000 - 0x00007ffa9edcf000 	C:\WINDOWS\System32\WS2_32.dll
0x00007ffa97b20000 - 0x00007ffa97b4d000 	C:\WINDOWS\SYSTEM32\winmmbase.dll
0x00007ffa9d8a0000 - 0x00007ffa9d8ea000 	C:\WINDOWS\System32\cfgmgr32.dll
0x000000005f150000 - 0x000000005f15f000 	C:\Program Files\Java\jre1.8.0_191\bin\verify.dll
0x000000005f120000 - 0x000000005f149000 	C:\Program Files\Java\jre1.8.0_191\bin\java.dll
0x000000005f100000 - 0x000000005f116000 	C:\Program Files\Java\jre1.8.0_191\bin\zip.dll
0x00007ffa9f630000 - 0x00007ffa9fd15000 	C:\WINDOWS\System32\SHELL32.dll
0x00007ffa9e070000 - 0x00007ffa9e119000 	C:\WINDOWS\System32\shcore.dll
0x00007ffa9d8f0000 - 0x00007ffa9e06f000 	C:\WINDOWS\System32\windows.storage.dll
0x00007ffa9cf30000 - 0x00007ffa9cf4f000 	C:\WINDOWS\System32\profapi.dll
0x00007ffa9cee0000 - 0x00007ffa9cf2a000 	C:\WINDOWS\System32\powrprof.dll
0x00007ffa9ce90000 - 0x00007ffa9cea0000 	C:\WINDOWS\System32\UMPDC.dll
0x00007ffa9efb0000 - 0x00007ffa9f002000 	C:\WINDOWS\System32\shlwapi.dll
0x00007ffa9cea0000 - 0x00007ffa9ceb1000 	C:\WINDOWS\System32\kernel.appcore.dll
0x00007ffa9d650000 - 0x00007ffa9d667000 	C:\WINDOWS\System32\cryptsp.dll
0x000000005ee00000 - 0x000000005ef99000 	C:\Program Files\Java\jre1.8.0_191\bin\awt.dll
0x00007ffa9e3b0000 - 0x00007ffa9e474000 	C:\WINDOWS\System32\OLEAUT32.dll
0x00007ffa9a760000 - 0x00007ffa9a7ef000 	C:\WINDOWS\SYSTEM32\apphelp.dll
0x00007ffa9b390000 - 0x00007ffa9b3bd000 	C:\WINDOWS\system32\DWMAPI.DLL
0x00007ffa9a8a0000 - 0x00007ffa9a939000 	C:\WINDOWS\system32\uxtheme.dll
0x00007ffa84a20000 - 0x00007ffa84b76000 	C:\WINDOWS\system32\opengl32.dll
0x00007ffa87e80000 - 0x00007ffa87eac000 	C:\WINDOWS\SYSTEM32\GLU32.dll
0x00007ffa9bb00000 - 0x00007ffa9bb20000 	C:\WINDOWS\SYSTEM32\dxcore.dll
0x00007ffa9f010000 - 0x00007ffa9f145000 	C:\WINDOWS\System32\MSCTF.dll
0x00007ffa9e560000 - 0x00007ffa9e6b6000 	C:\WINDOWS\System32\ole32.dll
0x000000005edb0000 - 0x000000005edf7000 	C:\Program Files\Java\jre1.8.0_191\bin\fontmanager.dll
0x000000005f0e0000 - 0x000000005f0fa000 	C:\Program Files\Java\jre1.8.0_191\bin\net.dll
0x00007ffa9c700000 - 0x00007ffa9c767000 	C:\WINDOWS\system32\mswsock.dll
0x000000005f0c0000 - 0x000000005f0d1000 	C:\Program Files\Java\jre1.8.0_191\bin\nio.dll
0x000000005ed60000 - 0x000000005eda2000 	C:\Program Files\Java\jre1.8.0_191\bin\t2k.dll
0x00007ffa9e6c0000 - 0x00007ffa9e762000 	C:\WINDOWS\System32\clbcatq.dll
0x00007ffa964d0000 - 0x00007ffa9667f000 	C:\WINDOWS\SYSTEM32\WindowsCodecs.dll
0x00007ffa81520000 - 0x00007ffa8155a000 	C:\WINDOWS\system32\dataexchange.dll
0x00007ffa995f0000 - 0x00007ffa9984b000 	C:\WINDOWS\system32\d3d11.dll
0x00007ffa99eb0000 - 0x00007ffa9a08b000 	C:\WINDOWS\system32\dcomp.dll
0x00007ffa9bb90000 - 0x00007ffa9bc7b000 	C:\WINDOWS\system32\dxgi.dll
0x00007ffa9af30000 - 0x00007ffa9b18a000 	C:\WINDOWS\system32\twinapi.appcore.dll
0x00007ffa9b360000 - 0x00007ffa9b389000 	C:\WINDOWS\system32\RMCLIENT.dll
0x00007ffa8a130000 - 0x00007ffa8a1ce000 	C:\WINDOWS\System32\TextInputFramework.dll
0x00007ffa96c10000 - 0x00007ffa96f3a000 	C:\WINDOWS\System32\CoreUIComponents.dll
0x00007ffa9a550000 - 0x00007ffa9a624000 	C:\WINDOWS\System32\CoreMessaging.dll
0x00007ffa9bef0000 - 0x00007ffa9bf21000 	C:\WINDOWS\SYSTEM32\ntmarta.dll
0x00007ffa98690000 - 0x00007ffa987e3000 	C:\WINDOWS\SYSTEM32\wintypes.dll
0x00007ffa91480000 - 0x00007ffa91726000 	C:\WINDOWS\System32\iertutil.dll
0x00007ffa9c450000 - 0x00007ffa9c51a000 	C:\WINDOWS\SYSTEM32\DNSAPI.dll
0x00007ffa9e8e0000 - 0x00007ffa9e8e8000 	C:\WINDOWS\System32\NSI.dll
0x00007ffa9c410000 - 0x00007ffa9c44a000 	C:\WINDOWS\SYSTEM32\IPHLPAPI.DLL
0x00007ffa91e60000 - 0x00007ffa91e6a000 	C:\Windows\System32\rasadhlp.dll
0x00007ffa95c50000 - 0x00007ffa95cc7000 	C:\WINDOWS\System32\fwpuclnt.dll
0x00007ffa9d0a0000 - 0x00007ffa9d0c6000 	C:\WINDOWS\System32\bcrypt.dll
0x000000005ed20000 - 0x000000005ed51000 	C:\Program Files\Java\jre1.8.0_191\bin\jpeg.dll

VM Arguments:
jvm_args: -Dfile.encoding=Cp1252 
java_command: gameClient.MyGameGUIauto
java_class_path (initial): C:\Users\Medhat\eclipse-workspace\OOP3\bin;C:\Users\Medhat\eclipse-workspace\OOP3\lib\java-json.jar;C:\Users\Medhat\.p2\pool\plugins\org.junit.jupiter.api_5.1.0.v20180327-1502.jar;C:\Users\Medhat\.p2\pool\plugins\org.junit.jupiter.engine_5.1.0.v20180327-1502.jar;C:\Users\Medhat\.p2\pool\plugins\org.junit.jupiter.migrationsupport_5.1.0.v20180327-1502.jar;C:\Users\Medhat\.p2\pool\plugins\org.junit.jupiter.params_5.1.0.v20180327-1502.jar;C:\Users\Medhat\.p2\pool\plugins\org.junit.platform.commons_1.1.0.v20180327-1502.jar;C:\Users\Medhat\.p2\pool\plugins\org.junit.platform.engine_1.1.0.v20180327-1502.jar;C:\Users\Medhat\.p2\pool\plugins\org.junit.platform.launcher_1.1.0.v20180327-1502.jar;C:\Users\Medhat\.p2\pool\plugins\org.junit.platform.runner_1.1.0.v20180327-1502.jar;C:\Users\Medhat\.p2\pool\plugins\org.junit.platform.suite.api_1.1.0.v20180327-1502.jar;C:\Users\Medhat\.p2\pool\plugins\org.junit.vintage.engine_5.1.0.v20180327-1502.jar;C:\Users\Medhat\.p2\pool\plugins\org.opentest4j_1.0.0.v20180327-1502.jar;C:\Users\Medhat\.p2\pool\plugins\org.apiguardian_1.0.0.v20180327-1502.jar;C:\Users\Medhat\.p2\pool\plugins\org.junit_4.12.0.v201504281640\junit.jar;C:\Users\Medhat\.p2\pool\plugins\org.hamcrest.core_1.3.0.v20180420-1519.jar;C:\Users\Medhat\eclipse-workspace\OOP3\lib\GameServer_v0.32.jar;C:\Users\Medhat\eclipse-workspace\OOP3\lib\mysql-connector-java-5.1.47.jar
Launcher Type: SUN_STANDARD

Environment Variables:
PATH=C:/Program Files/Java/jre1.8.0_191/bin/server;C:/Program Files/Java/jre1.8.0_191/bin;C:/Program Files/Java/jre1.8.0_191/lib/amd64;C:\Program Files (x86)\Common Files\Oracle\Java\javapath;C:\WINDOWS\system32;C:\WINDOWS;C:\WINDOWS\System32\Wbem;C:\WINDOWS\System32\WindowsPowerShell\v1.0\;C:\WINDOWS\System32\OpenSSH\;C:\Program Files\Git\cmd;C:\Users\Medhat\AppData\Local\Microsoft\WindowsApps;;C:\Users\Medhat\Desktop;
USERNAME=Medhat
OS=Windows_NT
PROCESSOR_IDENTIFIER=Intel64 Family 6 Model 142 Stepping 10, GenuineIntel



---------------  S Y S T E M  ---------------

OS: Windows 10.0 , 64 bit Build 18362 (10.0.18362.329)

CPU:total 8 (initial active 8) (4 cores per cpu, 2 threads per core) family 6 model 142 stepping 10, cmov, cx8, fxsr, mmx, sse, sse2, sse3, ssse3, sse4.1, sse4.2, popcnt, avx, avx2, aes, clmul, erms, 3dnowpref, lzcnt, ht, tsc, tscinvbit, bmi1, bmi2, adx

Memory: 4k page, physical 8295604k(424536k free), swap 23788024k(84k free)

vm_info: Java HotSpot(TM) 64-Bit Server VM (25.191-b12) for windows-amd64 JRE (1.8.0_191-b12), built on Oct  6 2018 09:29:03 by "java_re" with MS VC++ 10.0 (VS2010)

time: Tue Jan 28 20:45:52 2020
elapsed time: 14912 seconds (0d 4h 8m 32s)

