#
# There is insufficient memory for the Java Runtime Environment to continue.
# Native memory allocation (malloc) failed to allocate 160896 bytes for Chunk::new
# Possible reasons:
#   The system is out of physical RAM or swap space
#   In 32 bit mode, the process size limit was hit
# Possible solutions:
#   Reduce memory load on the system
#   Increase physical memory or swap space
#   Check if swap backing store is full
#   Use 64 bit Java on a 64 bit OS
#   Decrease Java heap size (-Xmx/-Xms)
#   Decrease number of Java threads
#   Decrease Java thread stack sizes (-Xss)
#   Set larger code cache with -XX:ReservedCodeCacheSize=
# This output file may be truncated or incomplete.
#
#  Out of Memory Error (allocation.cpp:390), pid=15524, tid=0x0000000000003914
#
# JRE version: Java(TM) SE Runtime Environment (8.0_191-b12) (build 1.8.0_191-b12)
# Java VM: Java HotSpot(TM) 64-Bit Server VM (25.191-b12 mixed mode windows-amd64 compressed oops)
# Failed to write core dump. Minidumps are not enabled by default on client versions of Windows
#

---------------  T H R E A D  ---------------

Current thread (0x0000000019a07000):  JavaThread "C2 CompilerThread2" daemon [_thread_in_native, id=14612, stack(0x000000001a3d0000,0x000000001a4d0000)]

Stack: [0x000000001a3d0000,0x000000001a4d0000]
[error occurred during error reporting (printing stack bounds), id 0xc0000005]

Native frames: (J=compiled Java code, j=interpreted, Vv=VM code, C=native code)


Current CompileTask:
C2:63794817 2083       4       sun.misc.URLClassPath::getResource (83 bytes)


---------------  P R O C E S S  ---------------

Java Threads: ( => current thread )
  0x000000000292e000 JavaThread "DestroyJavaVM" [_thread_blocked, id=11172, stack(0x0000000002950000,0x0000000002a50000)]
  0x000000001aa21000 JavaThread "Abandoned connection cleanup thread" daemon [_thread_blocked, id=12084, stack(0x000000001d450000,0x000000001d550000)]
  0x000000001a9f2800 JavaThread "TimerQueue" daemon [_thread_blocked, id=14876, stack(0x000000001d350000,0x000000001d450000)]
  0x000000001a9ae800 JavaThread "AWT-EventQueue-0" [_thread_blocked, id=12916, stack(0x000000001be40000,0x000000001bf40000)]
  0x000000001a8b6800 JavaThread "AWT-Windows" daemon [_thread_in_native, id=15748, stack(0x000000001b310000,0x000000001b410000)]
  0x000000001a8b5800 JavaThread "AWT-Shutdown" [_thread_blocked, id=5252, stack(0x000000001b210000,0x000000001b310000)]
  0x000000001a8b1800 JavaThread "Java2D Disposer" daemon [_thread_blocked, id=15504, stack(0x000000001b110000,0x000000001b210000)]
  0x0000000019a90800 JavaThread "Service Thread" daemon [_thread_blocked, id=15208, stack(0x000000001a5d0000,0x000000001a6d0000)]
  0x0000000019a13000 JavaThread "C1 CompilerThread3" daemon [_thread_blocked, id=8048, stack(0x000000001a4d0000,0x000000001a5d0000)]
=>0x0000000019a07000 JavaThread "C2 CompilerThread2" daemon [_thread_in_native, id=14612, stack(0x000000001a3d0000,0x000000001a4d0000)]
  0x00000000199fe800 JavaThread "C2 CompilerThread1" daemon [_thread_blocked, id=5284, stack(0x000000001a2d0000,0x000000001a3d0000)]
  0x00000000199fa800 JavaThread "C2 CompilerThread0" daemon [_thread_blocked, id=6568, stack(0x000000001a1d0000,0x000000001a2d0000)]
  0x00000000199f9000 JavaThread "Attach Listener" daemon [_thread_blocked, id=11028, stack(0x000000001a0d0000,0x000000001a1d0000)]
  0x00000000199f8000 JavaThread "Signal Dispatcher" daemon [_thread_blocked, id=10884, stack(0x0000000019fd0000,0x000000001a0d0000)]
  0x00000000199f0800 JavaThread "Finalizer" daemon [_thread_blocked, id=11480, stack(0x0000000019dd0000,0x0000000019ed0000)]
  0x0000000002b47800 JavaThread "Reference Handler" daemon [_thread_blocked, id=12856, stack(0x00000000198d0000,0x00000000199d0000)]

Other Threads:
  0x0000000017afa000 VMThread [stack: 0x00000000197d0000,0x00000000198d0000] [id=15344]
  0x0000000019aaa000 WatcherThread [stack: 0x000000001a6d0000,0x000000001a7d0000] [id=14296]

VM state:not at safepoint (normal execution)

VM Mutex/Monitor currently owned by a thread: None

Heap:
 PSYoungGen      total 248832K, used 211116K [0x00000000d5d00000, 0x00000000e7400000, 0x0000000100000000)
  eden space 234496K, 85% used [0x00000000d5d00000,0x00000000e20d05d0,0x00000000e4200000)
  from space 14336K, 73% used [0x00000000e6600000,0x00000000e705aa48,0x00000000e7400000)
  to   space 25600K, 0% used [0x00000000e4200000,0x00000000e4200000,0x00000000e5b00000)
 ParOldGen       total 104960K, used 52403K [0x0000000081600000, 0x0000000087c80000, 0x00000000d5d00000)
  object space 104960K, 49% used [0x0000000081600000,0x000000008492cc18,0x0000000087c80000)
 Metaspace       used 15666K, capacity 15952K, committed 16256K, reserved 1062912K
  class space    used 1829K, capacity 1918K, committed 1920K, reserved 1048576K

Card table byte_map: [0x0000000011f10000,0x0000000012310000] byte_map_base: 0x0000000011b05000

Marking Bits: (ParMarkBitMap*) 0x000000005fa63e30
 Begin Bits: [0x0000000012dc0000, 0x0000000014d68000)
 End Bits:   [0x0000000014d68000, 0x0000000016d10000)

Polling page: 0x00000000007f0000

CodeCache: size=245760Kb used=7191Kb max_used=7449Kb free=238568Kb
 bounds [0x0000000002b50000, 0x00000000032b0000, 0x0000000011b50000]
 total_blobs=2533 nmethods=1948 adapters=497
 compilation: enabled

Compilation events (10 events):
Event: 1119.983 Thread 0x0000000019a13000 nmethod 2078 0x0000000002d49f10 code [0x0000000002d4a0e0, 0x0000000002d4a9d8]
Event: 1250.038 Thread 0x0000000019a13000 2079       3       sun.misc.URLClassPath$FileLoader::findResource (18 bytes)
Event: 1250.039 Thread 0x0000000019a13000 nmethod 2079 0x0000000002c5dc10 code [0x0000000002c5dd80, 0x0000000002c5e018]
Event: 1275.050 Thread 0x0000000019a13000 2080   !   3       com.mysql.jdbc.AbandonedConnectionCleanupThread::checkContextClassLoaders (20 bytes)
Event: 1275.053 Thread 0x0000000019a13000 nmethod 2080 0x0000000002daff90 code [0x0000000002db01c0, 0x0000000002db0f18]
Event: 2150.512 Thread 0x00000000199fa800 2081       4       sun.misc.URLClassPath$JarLoader::findResource (18 bytes)
Event: 2150.515 Thread 0x00000000199fa800 nmethod 2081 0x0000000002d54250 code [0x0000000002d543a0, 0x0000000002d54448]
Event: 61908.335 Thread 0x00000000199fa800 2082       4       sun.misc.URLClassPath::findResource (47 bytes)
Event: 61908.417 Thread 0x00000000199fa800 nmethod 2082 0x000000000329dc90 code [0x000000000329df60, 0x00000000032a0a80]
Event: 63794.777 Thread 0x0000000019a07000 2083       4       sun.misc.URLClassPath::getResource (83 bytes)

GC Heap History (10 events):
Event: 35.874 GC heap before
{Heap before GC invocations=13 (full 1):
 PSYoungGen      total 254464K, used 229527K [0x00000000d5d00000, 0x00000000eb380000, 0x0000000100000000)
  eden space 219648K, 100% used [0x00000000d5d00000,0x00000000e3380000,0x00000000e3380000)
  from space 34816K, 28% used [0x00000000e3380000,0x00000000e3d25c10,0x00000000e5580000)
  to   space 33280K, 0% used [0x00000000e9300000,0x00000000e9300000,0x00000000eb380000)
 ParOldGen       total 104960K, used 52339K [0x0000000081600000, 0x0000000087c80000, 0x00000000d5d00000)
  object space 104960K, 49% used [0x0000000081600000,0x000000008491cc18,0x0000000087c80000)
 Metaspace       used 15520K, capacity 15760K, committed 16000K, reserved 1062912K
  class space    used 1827K, capacity 1918K, committed 1920K, reserved 1048576K
Event: 35.887 GC heap after
Heap after GC invocations=13 (full 1):
 PSYoungGen      total 302080K, used 9907K [0x00000000d5d00000, 0x00000000eaa00000, 0x0000000100000000)
  eden space 278528K, 0% used [0x00000000d5d00000,0x00000000d5d00000,0x00000000e6d00000)
  from space 23552K, 42% used [0x00000000e9300000,0x00000000e9cacd10,0x00000000eaa00000)
  to   space 31232K, 0% used [0x00000000e6d00000,0x00000000e6d00000,0x00000000e8b80000)
 ParOldGen       total 104960K, used 52379K [0x0000000081600000, 0x0000000087c80000, 0x00000000d5d00000)
  object space 104960K, 49% used [0x0000000081600000,0x0000000084926c18,0x0000000087c80000)
 Metaspace       used 15520K, capacity 15760K, committed 16000K, reserved 1062912K
  class space    used 1827K, capacity 1918K, committed 1920K, reserved 1048576K
}
Event: 42.477 GC heap before
{Heap before GC invocations=14 (full 1):
 PSYoungGen      total 302080K, used 287741K [0x00000000d5d00000, 0x00000000eaa00000, 0x0000000100000000)
  eden space 278528K, 99% used [0x00000000d5d00000,0x00000000e6c52810,0x00000000e6d00000)
  from space 23552K, 42% used [0x00000000e9300000,0x00000000e9cacd10,0x00000000eaa00000)
  to   space 31232K, 0% used [0x00000000e6d00000,0x00000000e6d00000,0x00000000e8b80000)
 ParOldGen       total 104960K, used 52379K [0x0000000081600000, 0x0000000087c80000, 0x00000000d5d00000)
  object space 104960K, 49% used [0x0000000081600000,0x0000000084926c18,0x0000000087c80000)
 Metaspace       used 15582K, capacity 15824K, committed 16000K, reserved 1062912K
  class space    used 1827K, capacity 1918K, committed 1920K, reserved 1048576K
Event: 42.480 GC heap after
Heap after GC invocations=14 (full 1):
 PSYoungGen      total 276992K, used 9910K [0x00000000d5d00000, 0x00000000e9b80000, 0x0000000100000000)
  eden space 266752K, 0% used [0x00000000d5d00000,0x00000000d5d00000,0x00000000e6180000)
  from space 10240K, 96% used [0x00000000e6d00000,0x00000000e76ada68,0x00000000e7700000)
  to   space 29696K, 0% used [0x00000000e7e80000,0x00000000e7e80000,0x00000000e9b80000)
 ParOldGen       total 104960K, used 52387K [0x0000000081600000, 0x0000000087c80000, 0x00000000d5d00000)
  object space 104960K, 49% used [0x0000000081600000,0x0000000084928c18,0x0000000087c80000)
 Metaspace       used 15582K, capacity 15824K, committed 16000K, reserved 1062912K
  class space    used 1827K, capacity 1918K, committed 1920K, reserved 1048576K
}
Event: 48.617 GC heap before
{Heap before GC invocations=15 (full 1):
 PSYoungGen      total 276992K, used 274805K [0x00000000d5d00000, 0x00000000e9b80000, 0x0000000100000000)
  eden space 266752K, 99% used [0x00000000d5d00000,0x00000000e5fafa08,0x00000000e6180000)
  from space 10240K, 96% used [0x00000000e6d00000,0x00000000e76ada68,0x00000000e7700000)
  to   space 29696K, 0% used [0x00000000e7e80000,0x00000000e7e80000,0x00000000e9b80000)
 ParOldGen       total 104960K, used 52387K [0x0000000081600000, 0x0000000087c80000, 0x00000000d5d00000)
  object space 104960K, 49% used [0x0000000081600000,0x0000000084928c18,0x0000000087c80000)
 Metaspace       used 15584K, capacity 15824K, committed 16000K, reserved 1062912K
  class space    used 1827K, capacity 1918K, committed 1920K, reserved 1048576K
Event: 48.621 GC heap after
Heap after GC invocations=15 (full 1):
 PSYoungGen      total 270848K, used 9942K [0x00000000d5d00000, 0x00000000e8d80000, 0x0000000100000000)
  eden space 255488K, 0% used [0x00000000d5d00000,0x00000000d5d00000,0x00000000e5680000)
  from space 15360K, 64% used [0x00000000e7e80000,0x00000000e8835ba0,0x00000000e8d80000)
  to   space 28160K, 0% used [0x00000000e5680000,0x00000000e5680000,0x00000000e7200000)
 ParOldGen       total 104960K, used 52387K [0x0000000081600000, 0x0000000087c80000, 0x00000000d5d00000)
  object space 104960K, 49% used [0x0000000081600000,0x0000000084928c18,0x0000000087c80000)
 Metaspace       used 15584K, capacity 15824K, committed 16000K, reserved 1062912K
  class space    used 1827K, capacity 1918K, committed 1920K, reserved 1048576K
}
Event: 54.481 GC heap before
{Heap before GC invocations=16 (full 1):
 PSYoungGen      total 270848K, used 265315K [0x00000000d5d00000, 0x00000000e8d80000, 0x0000000100000000)
  eden space 255488K, 99% used [0x00000000d5d00000,0x00000000e56632c0,0x00000000e5680000)
  from space 15360K, 64% used [0x00000000e7e80000,0x00000000e8835ba0,0x00000000e8d80000)
  to   space 28160K, 0% used [0x00000000e5680000,0x00000000e5680000,0x00000000e7200000)
 ParOldGen       total 104960K, used 52387K [0x0000000081600000, 0x0000000087c80000, 0x00000000d5d00000)
  object space 104960K, 49% used [0x0000000081600000,0x0000000084928c18,0x0000000087c80000)
 Metaspace       used 15601K, capacity 15824K, committed 16000K, reserved 1062912K
  class space    used 1827K, capacity 1918K, committed 1920K, reserved 1048576K
Event: 54.487 GC heap after
Heap after GC invocations=16 (full 1):
 PSYoungGen      total 255488K, used 10517K [0x00000000d5d00000, 0x00000000e8000000, 0x0000000100000000)
  eden space 244736K, 0% used [0x00000000d5d00000,0x00000000d5d00000,0x00000000e4c00000)
  from space 10752K, 97% used [0x00000000e5680000,0x00000000e60c56a8,0x00000000e6100000)
  to   space 26624K, 0% used [0x00000000e6600000,0x00000000e6600000,0x00000000e8000000)
 ParOldGen       total 104960K, used 52395K [0x0000000081600000, 0x0000000087c80000, 0x00000000d5d00000)
  object space 104960K, 49% used [0x0000000081600000,0x000000008492ac18,0x0000000087c80000)
 Metaspace       used 15601K, capacity 15824K, committed 16000K, reserved 1062912K
  class space    used 1827K, capacity 1918K, committed 1920K, reserved 1048576K
}
Event: 60.037 GC heap before
{Heap before GC invocations=17 (full 1):
 PSYoungGen      total 255488K, used 254727K [0x00000000d5d00000, 0x00000000e8000000, 0x0000000100000000)
  eden space 244736K, 99% used [0x00000000d5d00000,0x00000000e4b7c5a0,0x00000000e4c00000)
  from space 10752K, 97% used [0x00000000e5680000,0x00000000e60c56a8,0x00000000e6100000)
  to   space 26624K, 0% used [0x00000000e6600000,0x00000000e6600000,0x00000000e8000000)
 ParOldGen       total 104960K, used 52395K [0x0000000081600000, 0x0000000087c80000, 0x00000000d5d00000)
  object space 104960K, 49% used [0x0000000081600000,0x000000008492ac18,0x0000000087c80000)
 Metaspace       used 15625K, capacity 15824K, committed 16000K, reserved 1062912K
  class space    used 1827K, capacity 1918K, committed 1920K, reserved 1048576K
Event: 60.044 GC heap after
Heap after GC invocations=17 (full 1):
 PSYoungGen      total 248832K, used 10602K [0x00000000d5d00000, 0x00000000e7400000, 0x0000000100000000)
  eden space 234496K, 0% used [0x00000000d5d00000,0x00000000d5d00000,0x00000000e4200000)
  from space 14336K, 73% used [0x00000000e6600000,0x00000000e705aa48,0x00000000e7400000)
  to   space 25600K, 0% used [0x00000000e4200000,0x00000000e4200000,0x00000000e5b00000)
 ParOldGen       total 104960K, used 52403K [0x0000000081600000, 0x0000000087c80000, 0x00000000d5d00000)
  object space 104960K, 49% used [0x0000000081600000,0x000000008492cc18,0x0000000087c80000)
 Metaspace       used 15625K, capacity 15824K, committed 16000K, reserved 1062912K
  class space    used 1827K, capacity 1918K, committed 1920K, reserved 1048576K
}

Deoptimization events (10 events):
Event: 4.293 Thread 0x000000001a9ae800 Uncommon trap: reason=unstable_if action=reinterpret pc=0x0000000002f251b4 method=java.lang.Character.isSurrogate(C)Z @ 3
Event: 5.217 Thread 0x000000001a9ae800 Uncommon trap: reason=unstable_if action=reinterpret pc=0x0000000002fb4b28 method=sun.font.CMap$CMapFormat4.getGlyph(I)C @ 181
Event: 59.721 Thread 0x000000000292e000 Uncommon trap: reason=predicate action=maybe_recompile pc=0x0000000003259018 method=java.util.AbstractCollection.toArray([Ljava/lang/Object;)[Ljava/lang/Object; @ 49
Event: 61.816 Thread 0x000000000292e000 Uncommon trap: reason=array_check action=maybe_recompile pc=0x0000000003255e44 method=java.util.AbstractCollection.toArray([Ljava/lang/Object;)[Ljava/lang/Object; @ 119
Event: 61.816 Thread 0x000000000292e000 Uncommon trap: reason=array_check action=maybe_recompile pc=0x0000000003255e44 method=java.util.AbstractCollection.toArray([Ljava/lang/Object;)[Ljava/lang/Object; @ 119
Event: 61.816 Thread 0x000000000292e000 Uncommon trap: reason=array_check action=maybe_recompile pc=0x0000000003255e44 method=java.util.AbstractCollection.toArray([Ljava/lang/Object;)[Ljava/lang/Object; @ 119
Event: 61.816 Thread 0x000000000292e000 Uncommon trap: reason=array_check action=maybe_recompile pc=0x0000000003255e44 method=java.util.AbstractCollection.toArray([Ljava/lang/Object;)[Ljava/lang/Object; @ 119
Event: 64.188 Thread 0x000000000292e000 Uncommon trap: reason=unstable_if action=reinterpret pc=0x000000000307a550 method=java.lang.Integer.getChars(II[C)V @ 20
Event: 64.189 Thread 0x000000000292e000 Uncommon trap: reason=unstable_if action=reinterpret pc=0x0000000003071814 method=java.lang.Integer.getChars(II[C)V @ 20
Event: 54113.085 Thread 0x000000001a9ae800 Uncommon trap: reason=unstable_if action=reinterpret pc=0x0000000002fc8d8c method=java.util.HashMap$HashIterator.<init>(Ljava/util/HashMap;)V @ 45

Classes redefined (0 events):
No events

Internal exceptions (10 events):
Event: 0.112 Thread 0x000000000292e000 Exception <a 'java/security/PrivilegedActionException'> (0x00000000d5f2ac10) thrown at [C:\re\workspace\8-2-build-windows-amd64-cygwin\jdk8u191\11896\hotspot\src\share\vm\prims\jvm.cpp, line 1435]
Event: 0.112 Thread 0x000000000292e000 Exception <a 'java/security/PrivilegedActionException'> (0x00000000d5f2ae20) thrown at [C:\re\workspace\8-2-build-windows-amd64-cygwin\jdk8u191\11896\hotspot\src\share\vm\prims\jvm.cpp, line 1435]
Event: 0.130 Thread 0x000000000292e000 Exception <a 'java/security/PrivilegedActionException'> (0x00000000d5f874c0) thrown at [C:\re\workspace\8-2-build-windows-amd64-cygwin\jdk8u191\11896\hotspot\src\share\vm\prims\jvm.cpp, line 1435]
Event: 0.130 Thread 0x000000000292e000 Exception <a 'java/security/PrivilegedActionException'> (0x00000000d5f876d0) thrown at [C:\re\workspace\8-2-build-windows-amd64-cygwin\jdk8u191\11896\hotspot\src\share\vm\prims\jvm.cpp, line 1435]
Event: 0.131 Thread 0x000000000292e000 Exception <a 'java/security/PrivilegedActionException'> (0x00000000d5f8b418) thrown at [C:\re\workspace\8-2-build-windows-amd64-cygwin\jdk8u191\11896\hotspot\src\share\vm\prims\jvm.cpp, line 1435]
Event: 0.131 Thread 0x000000000292e000 Exception <a 'java/security/PrivilegedActionException'> (0x00000000d5f8b628) thrown at [C:\re\workspace\8-2-build-windows-amd64-cygwin\jdk8u191\11896\hotspot\src\share\vm\prims\jvm.cpp, line 1435]
Event: 0.135 Thread 0x000000000292e000 Exception <a 'java/io/FileNotFoundException'> (0x00000000d5f8d6a8) thrown at [C:\re\workspace\8-2-build-windows-amd64-cygwin\jdk8u191\11896\hotspot\src\share\vm\prims\jni.cpp, line 709]
Event: 0.189 Thread 0x000000000292e000 Exception <a 'java/lang/NoSuchFieldError': method resolution failed> (0x00000000d605de68) thrown at [C:\re\workspace\8-2-build-windows-amd64-cygwin\jdk8u191\11896\hotspot\src\share\vm\prims\methodHandles.cpp, line 1167]
Event: 0.193 Thread 0x000000000292e000 Exception <a 'java/lang/NoSuchFieldError': method resolution failed> (0x00000000d606b238) thrown at [C:\re\workspace\8-2-build-windows-amd64-cygwin\jdk8u191\11896\hotspot\src\share\vm\prims\methodHandles.cpp, line 1167]
Event: 0.287 Thread 0x000000000292e000 Exception <a 'java/io/FileNotFoundException'> (0x00000000d61047a0) thrown at [C:\re\workspace\8-2-build-windows-amd64-cygwin\jdk8u191\11896\hotspot\src\share\vm\prims\jni.cpp, line 709]

Events (10 events):
Event: 54112.111 loading class sun/awt/windows/WToolkit$3 done
Event: 54112.140 loading class java/util/WeakHashMap$KeyIterator
Event: 54112.144 loading class java/util/WeakHashMap$HashIterator
Event: 54112.150 loading class java/util/WeakHashMap$HashIterator done
Event: 54112.150 loading class java/util/WeakHashMap$KeyIterator done
Event: 54112.692 loading class javax/swing/RepaintManager$DisplayChangedRunnable
Event: 54112.694 loading class javax/swing/RepaintManager$DisplayChangedRunnable done
Event: 54113.085 Thread 0x000000001a9ae800 Uncommon trap: trap_request=0xffffff65 fr.pc=0x0000000002fc8d8c
Event: 54113.085 Thread 0x000000001a9ae800 DEOPT PACKING pc=0x0000000002fc8d8c sp=0x000000001bf3e170
Event: 54113.086 Thread 0x000000001a9ae800 DEOPT UNPACKING pc=0x0000000002b9583b sp=0x000000001bf3e110 mode 2


Dynamic libraries:
0x00007ff7cb4d0000 - 0x00007ff7cb507000 	C:\Program Files\Java\jre1.8.0_191\bin\javaw.exe
0x00007ffa9ffc0000 - 0x00007ffaa01b0000 	C:\WINDOWS\SYSTEM32\ntdll.dll
0x00007ffa9e770000 - 0x00007ffa9e822000 	C:\WINDOWS\System32\KERNEL32.DLL
0x00007ffa9d3a0000 - 0x00007ffa9d643000 	C:\WINDOWS\System32\KERNELBASE.dll
0x00007ffa9f4b0000 - 0x00007ffa9f553000 	C:\WINDOWS\System32\ADVAPI32.dll
0x00007ffa9fee0000 - 0x00007ffa9ff7e000 	C:\WINDOWS\System32\msvcrt.dll
0x00007ffa9fd20000 - 0x00007ffa9fdb7000 	C:\WINDOWS\System32\sechost.dll
0x00007ffa9fdc0000 - 0x00007ffa9fee0000 	C:\WINDOWS\System32\RPCRT4.dll
0x00007ffa9e210000 - 0x00007ffa9e3a4000 	C:\WINDOWS\System32\USER32.dll
0x00007ffa9d6d0000 - 0x00007ffa9d6f1000 	C:\WINDOWS\System32\win32u.dll
0x00007ffa9e840000 - 0x00007ffa9e866000 	C:\WINDOWS\System32\GDI32.dll
0x00007ffa9d700000 - 0x00007ffa9d894000 	C:\WINDOWS\System32\gdi32full.dll
0x00007ffa9d1d0000 - 0x00007ffa9d26e000 	C:\WINDOWS\System32\msvcp_win.dll
0x00007ffa9d0d0000 - 0x00007ffa9d1ca000 	C:\WINDOWS\System32\ucrtbase.dll
0x00007ffa86bd0000 - 0x00007ffa86e55000 	C:\WINDOWS\WinSxS\amd64_microsoft.windows.common-controls_6595b64144ccf1df_6.0.18362.592_none_e6c0b1911312be02\COMCTL32.dll
0x00007ffa9f170000 - 0x00007ffa9f4a6000 	C:\WINDOWS\System32\combase.dll
0x00007ffa9d320000 - 0x00007ffa9d3a0000 	C:\WINDOWS\System32\bcryptPrimitives.dll
0x00007ffa9ef80000 - 0x00007ffa9efae000 	C:\WINDOWS\System32\IMM32.DLL
0x000000005efa0000 - 0x000000005f072000 	C:\Program Files\Java\jre1.8.0_191\bin\msvcr100.dll
0x000000005f240000 - 0x000000005fae4000 	C:\Program Files\Java\jre1.8.0_191\bin\server\jvm.dll
0x00007ffa9e870000 - 0x00007ffa9e878000 	C:\WINDOWS\System32\PSAPI.DLL
0x00007ffa8f1f0000 - 0x00007ffa8f1f9000 	C:\WINDOWS\SYSTEM32\WSOCK32.dll
0x00007ffa91ef0000 - 0x00007ffa91efa000 	C:\WINDOWS\SYSTEM32\VERSION.dll
0x00007ffa979d0000 - 0x00007ffa979f4000 	C:\WINDOWS\SYSTEM32\WINMM.dll
0x00007ffa9ed60000 - 0x00007ffa9edcf000 	C:\WINDOWS\System32\WS2_32.dll
0x00007ffa97b20000 - 0x00007ffa97b4d000 	C:\WINDOWS\SYSTEM32\winmmbase.dll
0x00007ffa9d8a0000 - 0x00007ffa9d8ea000 	C:\WINDOWS\System32\cfgmgr32.dll
0x000000005f150000 - 0x000000005f15f000 	C:\Program Files\Java\jre1.8.0_191\bin\verify.dll
0x000000005f120000 - 0x000000005f149000 	C:\Program Files\Java\jre1.8.0_191\bin\java.dll
0x000000005f100000 - 0x000000005f116000 	C:\Program Files\Java\jre1.8.0_191\bin\zip.dll
0x00007ffa9f630000 - 0x00007ffa9fd15000 	C:\WINDOWS\System32\SHELL32.dll
0x00007ffa9e070000 - 0x00007ffa9e119000 	C:\WINDOWS\System32\shcore.dll
0x00007ffa9d8f0000 - 0x00007ffa9e06f000 	C:\WINDOWS\System32\windows.storage.dll
0x00007ffa9cf30000 - 0x00007ffa9cf4f000 	C:\WINDOWS\System32\profapi.dll
0x00007ffa9cee0000 - 0x00007ffa9cf2a000 	C:\WINDOWS\System32\powrprof.dll
0x00007ffa9ce90000 - 0x00007ffa9cea0000 	C:\WINDOWS\System32\UMPDC.dll
0x00007ffa9efb0000 - 0x00007ffa9f002000 	C:\WINDOWS\System32\shlwapi.dll
0x00007ffa9cea0000 - 0x00007ffa9ceb1000 	C:\WINDOWS\System32\kernel.appcore.dll
0x00007ffa9d650000 - 0x00007ffa9d667000 	C:\WINDOWS\System32\cryptsp.dll
0x000000005ee00000 - 0x000000005ef99000 	C:\Program Files\Java\jre1.8.0_191\bin\awt.dll
0x00007ffa9e3b0000 - 0x00007ffa9e474000 	C:\WINDOWS\System32\OLEAUT32.dll
0x00007ffa9a760000 - 0x00007ffa9a7ef000 	C:\WINDOWS\SYSTEM32\apphelp.dll
0x00007ffa9b390000 - 0x00007ffa9b3bd000 	C:\WINDOWS\system32\DWMAPI.DLL
0x00007ffa9a8a0000 - 0x00007ffa9a939000 	C:\WINDOWS\system32\uxtheme.dll
0x00007ffa84a20000 - 0x00007ffa84b76000 	C:\WINDOWS\system32\opengl32.dll
0x00007ffa87e80000 - 0x00007ffa87eac000 	C:\WINDOWS\SYSTEM32\GLU32.dll
0x00007ffa9bb00000 - 0x00007ffa9bb20000 	C:\WINDOWS\SYSTEM32\dxcore.dll
0x00007ffa9f010000 - 0x00007ffa9f145000 	C:\WINDOWS\System32\MSCTF.dll
0x00007ffa9e560000 - 0x00007ffa9e6b6000 	C:\WINDOWS\System32\ole32.dll
0x000000005edb0000 - 0x000000005edf7000 	C:\Program Files\Java\jre1.8.0_191\bin\fontmanager.dll
0x000000005f0e0000 - 0x000000005f0fa000 	C:\Program Files\Java\jre1.8.0_191\bin\net.dll
0x00007ffa9c700000 - 0x00007ffa9c767000 	C:\WINDOWS\system32\mswsock.dll
0x000000005f0c0000 - 0x000000005f0d1000 	C:\Program Files\Java\jre1.8.0_191\bin\nio.dll
0x000000005ed60000 - 0x000000005eda2000 	C:\Program Files\Java\jre1.8.0_191\bin\t2k.dll
0x00007ffa9e6c0000 - 0x00007ffa9e762000 	C:\WINDOWS\System32\clbcatq.dll
0x00007ffa964d0000 - 0x00007ffa9667f000 	C:\WINDOWS\SYSTEM32\WindowsCodecs.dll
0x00007ffa81520000 - 0x00007ffa8155a000 	C:\WINDOWS\system32\dataexchange.dll
0x00007ffa995f0000 - 0x00007ffa9984b000 	C:\WINDOWS\system32\d3d11.dll
0x00007ffa99eb0000 - 0x00007ffa9a08b000 	C:\WINDOWS\system32\dcomp.dll
0x00007ffa9bb90000 - 0x00007ffa9bc7b000 	C:\WINDOWS\system32\dxgi.dll
0x00007ffa9af30000 - 0x00007ffa9b18a000 	C:\WINDOWS\system32\twinapi.appcore.dll
0x00007ffa9b360000 - 0x00007ffa9b389000 	C:\WINDOWS\system32\RMCLIENT.dll
0x00007ffa8a130000 - 0x00007ffa8a1ce000 	C:\WINDOWS\System32\TextInputFramework.dll
0x00007ffa9a550000 - 0x00007ffa9a624000 	C:\WINDOWS\System32\CoreMessaging.dll
0x00007ffa96c10000 - 0x00007ffa96f3a000 	C:\WINDOWS\System32\CoreUIComponents.dll
0x00007ffa9bef0000 - 0x00007ffa9bf21000 	C:\WINDOWS\SYSTEM32\ntmarta.dll
0x00007ffa98690000 - 0x00007ffa987e3000 	C:\WINDOWS\SYSTEM32\wintypes.dll
0x00007ffa91480000 - 0x00007ffa91726000 	C:\WINDOWS\System32\iertutil.dll
0x00007ffa9c450000 - 0x00007ffa9c51a000 	C:\WINDOWS\SYSTEM32\DNSAPI.dll
0x00007ffa9e8e0000 - 0x00007ffa9e8e8000 	C:\WINDOWS\System32\NSI.dll
0x00007ffa9c410000 - 0x00007ffa9c44a000 	C:\WINDOWS\SYSTEM32\IPHLPAPI.DLL
0x00007ffa91e60000 - 0x00007ffa91e6a000 	C:\Windows\System32\rasadhlp.dll
0x00007ffa95c50000 - 0x00007ffa95cc7000 	C:\WINDOWS\System32\fwpuclnt.dll
0x00007ffa9d0a0000 - 0x00007ffa9d0c6000 	C:\WINDOWS\System32\bcrypt.dll
0x000000005ed20000 - 0x000000005ed51000 	C:\Program Files\Java\jre1.8.0_191\bin\jpeg.dll

VM Arguments:
jvm_args: -Dfile.encoding=Cp1252 
java_command: gameClient.MyGameGUIauto
java_class_path (initial): C:\Users\Medhat\eclipse-workspace\OOP3\bin;C:\Users\Medhat\eclipse-workspace\OOP3\lib\java-json.jar;C:\Users\Medhat\.p2\pool\plugins\org.junit.jupiter.api_5.1.0.v20180327-1502.jar;C:\Users\Medhat\.p2\pool\plugins\org.junit.jupiter.engine_5.1.0.v20180327-1502.jar;C:\Users\Medhat\.p2\pool\plugins\org.junit.jupiter.migrationsupport_5.1.0.v20180327-1502.jar;C:\Users\Medhat\.p2\pool\plugins\org.junit.jupiter.params_5.1.0.v20180327-1502.jar;C:\Users\Medhat\.p2\pool\plugins\org.junit.platform.commons_1.1.0.v20180327-1502.jar;C:\Users\Medhat\.p2\pool\plugins\org.junit.platform.engine_1.1.0.v20180327-1502.jar;C:\Users\Medhat\.p2\pool\plugins\org.junit.platform.launcher_1.1.0.v20180327-1502.jar;C:\Users\Medhat\.p2\pool\plugins\org.junit.platform.runner_1.1.0.v20180327-1502.jar;C:\Users\Medhat\.p2\pool\plugins\org.junit.platform.suite.api_1.1.0.v20180327-1502.jar;C:\Users\Medhat\.p2\pool\plugins\org.junit.vintage.engine_5.1.0.v20180327-1502.jar;C:\Users\Medhat\.p2\pool\plugins\org.opentest4j_1.0.0.v20180327-1502.jar;C:\Users\Medhat\.p2\pool\plugins\org.apiguardian_1.0.0.v20180327-1502.jar;C:\Users\Medhat\.p2\pool\plugins\org.junit_4.12.0.v201504281640\junit.jar;C:\Users\Medhat\.p2\pool\plugins\org.hamcrest.core_1.3.0.v20180420-1519.jar;C:\Users\Medhat\eclipse-workspace\OOP3\lib\GameServer_v0.32.jar;C:\Users\Medhat\eclipse-workspace\OOP3\lib\mysql-connector-java-5.1.47.jar
Launcher Type: SUN_STANDARD

Environment Variables:
PATH=C:/Program Files/Java/jre1.8.0_191/bin/server;C:/Program Files/Java/jre1.8.0_191/bin;C:/Program Files/Java/jre1.8.0_191/lib/amd64;C:\Program Files (x86)\Common Files\Oracle\Java\javapath;C:\WINDOWS\system32;C:\WINDOWS;C:\WINDOWS\System32\Wbem;C:\WINDOWS\System32\WindowsPowerShell\v1.0\;C:\WINDOWS\System32\OpenSSH\;C:\Program Files\Git\cmd;C:\Users\Medhat\AppData\Local\Microsoft\WindowsApps;;C:\Users\Medhat\Desktop;
USERNAME=Medhat
OS=Windows_NT
PROCESSOR_IDENTIFIER=Intel64 Family 6 Model 142 Stepping 10, GenuineIntel



---------------  S Y S T E M  ---------------

OS: Windows 10.0 , 64 bit Build 18362 (10.0.18362.329)

CPU:total 8 (initial active 8) (4 cores per cpu, 2 threads per core) family 6 model 142 stepping 10, cmov, cx8, fxsr, mmx, sse, sse2, sse3, ssse3, sse4.1, sse4.2, popcnt, avx, avx2, aes, clmul, erms, 3dnowpref, lzcnt, ht, tsc, tscinvbit, bmi1, bmi2, adx

Memory: 4k page, physical 8295604k(818932k free), swap 23788024k(3120k free)

vm_info: Java HotSpot(TM) 64-Bit Server VM (25.191-b12) for windows-amd64 JRE (1.8.0_191-b12), built on Oct  6 2018 09:29:03 by "java_re" with MS VC++ 10.0 (VS2010)

time: Tue Jan 28 20:37:00 2020
elapsed time: 63794 seconds (0d 17h 43m 14s)

